#
# There is insufficient memory for the Java Runtime Environment to continue.
# Native memory allocation (mmap) failed to map 31457280 bytes for committing reserved memory.
# Possible reasons:
#   The system is out of physical RAM or swap space
#   In 32 bit mode, the process size limit was hit
# Possible solutions:
#   Reduce memory load on the system
#   Increase physical memory or swap space
#   Check if swap backing store is full
#   Use 64 bit Java on a 64 bit OS
#   Decrease Java heap size (-Xmx/-Xms)
#   Decrease number of Java threads
#   Decrease Java thread stack sizes (-Xss)
#   Set larger code cache with -XX:ReservedCodeCacheSize=
# This output file may be truncated or incomplete.
#
#  Out of Memory Error (os_linux.cpp:2640), pid=13242, tid=0x00007f8def5f5700
#
# JRE version: OpenJDK Runtime Environment (8.0_152-b01) (build 1.8.0_152-release-915-b01)
# Java VM: OpenJDK 64-Bit Server VM (25.152-b01 mixed mode linux-amd64 compressed oops)
# Failed to write core dump. Core dumps have been disabled. To enable core dumping, try "ulimit -c unlimited" before starting Java again
#

---------------  T H R E A D  ---------------

Current thread (0x00007f8e0c079000):  VMThread [stack: 0x00007f8def4f5000,0x00007f8def5f6000] [id=13250]

Stack: [0x00007f8def4f5000,0x00007f8def5f6000],  sp=0x00007f8def5f4470,  free space=1021k
Native frames: (J=compiled Java code, j=interpreted, Vv=VM code, C=native code)
V  [libjvm.so+0x9eb15d]  VMError::report_and_die()+0x15d
V  [libjvm.so+0x4b8eaa]  report_vm_out_of_memory(char const*, int, unsigned long, VMErrorType, char const*)+0x8a
V  [libjvm.so+0x851370]  os::pd_commit_memory(char*, unsigned long, unsigned long, bool)+0xf0
V  [libjvm.so+0x84be8f]  os::commit_memory(char*, unsigned long, unsigned long, bool)+0x1f
V  [libjvm.so+0x8c261b]  PSVirtualSpace::expand_by(unsigned long)+0x5b
V  [libjvm.so+0x8c3290]  PSYoungGen::resize_generation(unsigned long, unsigned long)+0xb0
V  [libjvm.so+0x8c35ab]  PSYoungGen::resize(unsigned long, unsigned long)+0x1b
V  [libjvm.so+0x8bfc9c]  PSScavenge::invoke_no_policy()+0xdac
V  [libjvm.so+0x8c0478]  PSScavenge::invoke()+0x38
V  [libjvm.so+0x8748f3]  ParallelScavengeHeap::failed_mem_allocate(unsigned long)+0x63
V  [libjvm.so+0x9ecc84]  VM_ParallelGCFailedAllocation::doit()+0x84
V  [libjvm.so+0x9f1197]  VM_Operation::evaluate()+0x47
V  [libjvm.so+0x9efb78]  VMThread::evaluate_operation(VM_Operation*)+0x2c8
V  [libjvm.so+0x9efff9]  VMThread::loop()+0x219
V  [libjvm.so+0x9f0442]  VMThread::run()+0x72
V  [libjvm.so+0x84e792]  java_start(Thread*)+0xf2

VM_Operation (0x00007f8decfa0cf0): ParallelGCFailedAllocation, mode: safepoint, requested by thread 0x00007f8db400a000


---------------  P R O C E S S  ---------------

Java Threads: ( => current thread )
  0x00007f8da0015800 JavaThread "Stdin handler" [_thread_blocked, id=13268, stack(0x00007f8decca3000,0x00007f8decda4000)]
  0x00007f8da0011800 JavaThread "Asynchronous log dispatcher for DefaultDaemonConnection: socket connection from /127.0.0.1:46635 to /127.0.0.1:32932" [_thread_blocked, id=13267, stack(0x00007f8decda4000,0x00007f8decea5000)]
  0x00007f8db400a000 JavaThread "Daemon worker" [_thread_blocked, id=13264, stack(0x00007f8decea5000,0x00007f8decfa6000)]
  0x00007f8db4008800 JavaThread "Cancel handler" [_thread_blocked, id=13263, stack(0x00007f8decfa6000,0x00007f8ded0a7000)]
  0x00007f8db4004000 JavaThread "Handler for socket connection from /127.0.0.1:46635 to /127.0.0.1:32932" [_thread_in_native, id=13262, stack(0x00007f8ded0a7000,0x00007f8ded1a8000)]
  0x00007f8db801f000 JavaThread "Daemon" [_thread_blocked, id=13261, stack(0x00007f8ded1a8000,0x00007f8ded2a9000)]
  0x00007f8e0ccdf000 JavaThread "Daemon periodic checks" [_thread_blocked, id=13260, stack(0x00007f8ded2a9000,0x00007f8ded3aa000)]
  0x00007f8e0ccb9800 JavaThread "Incoming local TCP Connector on port 46635" [_thread_in_native, id=13259, stack(0x00007f8ded3b1000,0x00007f8ded4b2000)]
  0x00007f8e0c0ca000 JavaThread "Service Thread" daemon [_thread_blocked, id=13257, stack(0x00007f8deeb11000,0x00007f8deec12000)]
  0x00007f8e0c0be800 JavaThread "C1 CompilerThread2" daemon [_thread_blocked, id=13256, stack(0x00007f8deec12000,0x00007f8deed13000)]
  0x00007f8e0c0bd000 JavaThread "C2 CompilerThread1" daemon [_thread_blocked, id=13255, stack(0x00007f8deed13000,0x00007f8deee14000)]
  0x00007f8e0c0ba000 JavaThread "C2 CompilerThread0" daemon [_thread_blocked, id=13254, stack(0x00007f8deee14000,0x00007f8deef15000)]
  0x00007f8e0c0b6000 JavaThread "Signal Dispatcher" daemon [_thread_blocked, id=13253, stack(0x00007f8deef15000,0x00007f8def016000)]
  0x00007f8e0c085000 JavaThread "Finalizer" daemon [_thread_blocked, id=13252, stack(0x00007f8def2f3000,0x00007f8def3f4000)]
  0x00007f8e0c080800 JavaThread "Reference Handler" daemon [_thread_blocked, id=13251, stack(0x00007f8def3f4000,0x00007f8def4f5000)]
  0x00007f8e0c00b000 JavaThread "main" [_thread_blocked, id=13245, stack(0x00007f8e12e60000,0x00007f8e12f61000)]

Other Threads:
=>0x00007f8e0c079000 VMThread [stack: 0x00007f8def4f5000,0x00007f8def5f6000] [id=13250]
  0x00007f8e0c0cc800 WatcherThread [stack: 0x00007f8deea10000,0x00007f8deeb11000] [id=13258]

VM state:at safepoint (normal execution)

VM Mutex/Monitor currently owned by a thread:  ([mutex/lock_event])
[0x00007f8e0c007ba0] Threads_lock - owner thread: 0x00007f8e0c079000
[0x00007f8e0c0080a0] Heap_lock - owner thread: 0x00007f8db400a000

Heap:
 PSYoungGen      total 33280K, used 2528K [0x00000000e0000000, 0x00000000e2300000, 0x0000000100000000)
  eden space 30720K, 0% used [0x00000000e0000000,0x00000000e0000000,0x00000000e1e00000)
  from space 2560K, 98% used [0x00000000e1e00000,0x00000000e2078030,0x00000000e2080000)
  to   space 2560K, 0% used [0x00000000e2080000,0x00000000e2080000,0x00000000e2300000)
 ParOldGen       total 40960K, used 3384K [0x00000000a0000000, 0x00000000a2800000, 0x00000000e0000000)
  object space 40960K, 8% used [0x00000000a0000000,0x00000000a034e2c0,0x00000000a2800000)
 Metaspace       used 11689K, capacity 12042K, committed 12288K, reserved 1060864K
  class space    used 1562K, capacity 1703K, committed 1792K, reserved 1048576K

Card table byte_map: [0x00007f8dfc93f000,0x00007f8dfcc40000] byte_map_base: 0x00007f8dfc43f000

Marking Bits: (ParMarkBitMap*) 0x00007f8e123113e0
 Begin Bits: [0x00007f8df5000000, 0x00007f8df6800000)
 End Bits:   [0x00007f8df6800000, 0x00007f8df8000000)

Polling page: 0x00007f8e12f7e000

CodeCache: size=245760Kb used=3859Kb max_used=3859Kb free=241900Kb
 bounds [0x00007f8dfd000000, 0x00007f8dfd3d0000, 0x00007f8e0c000000]
 total_blobs=1456 nmethods=1112 adapters=259
 compilation: enabled

Compilation events (10 events):
Event: 4,131 Thread 0x00007f8e0c0be800 1109       3       java.lang.invoke.LambdaForm$Name::<init> (194 bytes)
Event: 4,132 Thread 0x00007f8e0c0be800 nmethod 1109 0x00007f8dfd3c3f10 code [0x00007f8dfd3c4120, 0x00007f8dfd3c4a18]
Event: 4,132 Thread 0x00007f8e0c0be800 1108       3       java.lang.invoke.MemberName::isMethod (7 bytes)
Event: 4,133 Thread 0x00007f8e0c0be800 nmethod 1108 0x00007f8dfd3c4f50 code [0x00007f8dfd3c50c0, 0x00007f8dfd3c5330]
Event: 4,133 Thread 0x00007f8e0c0be800 1110       3       jdk.internal.org.objectweb.asm.MethodWriter::visitMethodInsn (220 bytes)
Event: 4,134 Thread 0x00007f8e0c0be800 nmethod 1110 0x00007f8dfd3c5410 code [0x00007f8dfd3c5600, 0x00007f8dfd3c5c88]
Event: 4,148 Thread 0x00007f8e0c0be800 1112       3       java.util.concurrent.ConcurrentHashMap::put (8 bytes)
Event: 4,148 Thread 0x00007f8e0c0be800 nmethod 1112 0x00007f8dfd3c6390 code [0x00007f8dfd3c6500, 0x00007f8dfd3c6708]
Event: 4,302 Thread 0x00007f8e0c0ba000 1114       4       java.nio.DirectLongBufferU::put (18 bytes)
Event: 4,302 Thread 0x00007f8e0c0bd000 1113       4       java.nio.DirectLongBufferU::get (16 bytes)

GC Heap History (5 events):
Event: 1,027 GC heap before
{Heap before GC invocations=1 (full 0):
 PSYoungGen      total 17920K, used 15360K [0x00000000e0000000, 0x00000000e1400000, 0x0000000100000000)
  eden space 15360K, 100% used [0x00000000e0000000,0x00000000e0f00000,0x00000000e0f00000)
  from space 2560K, 0% used [0x00000000e1180000,0x00000000e1180000,0x00000000e1400000)
  to   space 2560K, 0% used [0x00000000e0f00000,0x00000000e0f00000,0x00000000e1180000)
 ParOldGen       total 40960K, used 0K [0x00000000a0000000, 0x00000000a2800000, 0x00000000e0000000)
  object space 40960K, 0% used [0x00000000a0000000,0x00000000a0000000,0x00000000a2800000)
 Metaspace       used 5633K, capacity 5854K, committed 5888K, reserved 1056768K
  class space    used 687K, capacity 747K, committed 768K, reserved 1048576K
Event: 1,044 GC heap after
Heap after GC invocations=1 (full 0):
 PSYoungGen      total 17920K, used 2530K [0x00000000e0000000, 0x00000000e2300000, 0x0000000100000000)
  eden space 15360K, 0% used [0x00000000e0000000,0x00000000e0000000,0x00000000e0f00000)
  from space 2560K, 98% used [0x00000000e0f00000,0x00000000e1178838,0x00000000e1180000)
  to   space 2560K, 0% used [0x00000000e2080000,0x00000000e2080000,0x00000000e2300000)
 ParOldGen       total 40960K, used 140K [0x00000000a0000000, 0x00000000a2800000, 0x00000000e0000000)
  object space 40960K, 0% used [0x00000000a0000000,0x00000000a00233c8,0x00000000a2800000)
 Metaspace       used 5633K, capacity 5854K, committed 5888K, reserved 1056768K
  class space    used 687K, capacity 747K, committed 768K, reserved 1048576K
}
Event: 1,249 GC heap before
{Heap before GC invocations=2 (full 0):
 PSYoungGen      total 17920K, used 17890K [0x00000000e0000000, 0x00000000e2300000, 0x0000000100000000)
  eden space 15360K, 100% used [0x00000000e0000000,0x00000000e0f00000,0x00000000e0f00000)
  from space 2560K, 98% used [0x00000000e0f00000,0x00000000e1178838,0x00000000e1180000)
  to   space 2560K, 0% used [0x00000000e2080000,0x00000000e2080000,0x00000000e2300000)
 ParOldGen       total 40960K, used 140K [0x00000000a0000000, 0x00000000a2800000, 0x00000000e0000000)
  object space 40960K, 0% used [0x00000000a0000000,0x00000000a00233c8,0x00000000a2800000)
 Metaspace       used 6471K, capacity 6702K, committed 6784K, reserved 1056768K
  class space    used 789K, capacity 875K, committed 896K, reserved 1048576K
Event: 1,254 GC heap after
Heap after GC invocations=2 (full 0):
 PSYoungGen      total 33280K, used 2195K [0x00000000e0000000, 0x00000000e2300000, 0x0000000100000000)
  eden space 30720K, 0% used [0x00000000e0000000,0x00000000e0000000,0x00000000e1e00000)
  from space 2560K, 85% used [0x00000000e2080000,0x00000000e22a4d78,0x00000000e2300000)
  to   space 2560K, 0% used [0x00000000e1e00000,0x00000000e1e00000,0x00000000e2080000)
 ParOldGen       total 40960K, used 148K [0x00000000a0000000, 0x00000000a2800000, 0x00000000e0000000)
  object space 40960K, 0% used [0x00000000a0000000,0x00000000a00253c8,0x00000000a2800000)
 Metaspace       used 6471K, capacity 6702K, committed 6784K, reserved 1056768K
  class space    used 789K, capacity 875K, committed 896K, reserved 1048576K
}
Event: 4,314 GC heap before
{Heap before GC invocations=3 (full 0):
 PSYoungGen      total 33280K, used 32915K [0x00000000e0000000, 0x00000000e2300000, 0x0000000100000000)
  eden space 30720K, 100% used [0x00000000e0000000,0x00000000e1e00000,0x00000000e1e00000)
  from space 2560K, 85% used [0x00000000e2080000,0x00000000e22a4d78,0x00000000e2300000)
  to   space 2560K, 0% used [0x00000000e1e00000,0x00000000e1e00000,0x00000000e2080000)
 ParOldGen       total 40960K, used 148K [0x00000000a0000000, 0x00000000a2800000, 0x00000000e0000000)
  object space 40960K, 0% used [0x00000000a0000000,0x00000000a00253c8,0x00000000a2800000)
 Metaspace       used 11689K, capacity 12042K, committed 12288K, reserved 1060864K
  class space    used 1562K, capacity 1703K, committed 1792K, reserved 1048576K

Deoptimization events (10 events):
Event: 1,616 Thread 0x00007f8e0c00b000 Uncommon trap: reason=class_check action=maybe_recompile pc=0x00007f8dfd2584dc method=java.util.regex.Matcher.match(II)Z @ 86
Event: 1,683 Thread 0x00007f8e0c00b000 Uncommon trap: reason=unstable_if action=reinterpret pc=0x00007f8dfd2a8680 method=java.util.HashMap.getNode(ILjava/lang/Object;)Ljava/util/HashMap$Node; @ 62
Event: 1,683 Thread 0x00007f8e0c00b000 Uncommon trap: reason=bimorphic action=maybe_recompile pc=0x00007f8dfd2b842c method=java.util.HashMap.putVal(ILjava/lang/Object;Ljava/lang/Object;ZZ)Ljava/lang/Object; @ 91
Event: 1,683 Thread 0x00007f8e0c00b000 Uncommon trap: reason=unstable_if action=reinterpret pc=0x00007f8dfd258f18 method=java.util.HashMap.getNode(ILjava/lang/Object;)Ljava/util/HashMap$Node; @ 62
Event: 1,683 Thread 0x00007f8e0c00b000 Uncommon trap: reason=bimorphic action=maybe_recompile pc=0x00007f8dfd2b842c method=java.util.HashMap.putVal(ILjava/lang/Object;Ljava/lang/Object;ZZ)Ljava/lang/Object; @ 91
Event: 1,684 Thread 0x00007f8e0c00b000 Uncommon trap: reason=bimorphic action=maybe_recompile pc=0x00007f8dfd2b842c method=java.util.HashMap.putVal(ILjava/lang/Object;Ljava/lang/Object;ZZ)Ljava/lang/Object; @ 91
Event: 1,685 Thread 0x00007f8e0c00b000 Uncommon trap: reason=bimorphic action=maybe_recompile pc=0x00007f8dfd2b842c method=java.util.HashMap.putVal(ILjava/lang/Object;Ljava/lang/Object;ZZ)Ljava/lang/Object; @ 91
Event: 1,851 Thread 0x00007f8e0c00b000 Uncommon trap: reason=unstable_if action=reinterpret pc=0x00007f8dfd255de4 method=java.lang.ThreadLocal$ThreadLocalMap.getEntry(Ljava/lang/ThreadLocal;)Ljava/lang/ThreadLocal$ThreadLocalMap$Entry; @ 21
Event: 2,177 Thread 0x00007f8e0c00b000 Uncommon trap: reason=bimorphic action=maybe_recompile pc=0x00007f8dfd2f6d00 method=java.util.HashMap.putVal(ILjava/lang/Object;Ljava/lang/Object;ZZ)Ljava/lang/Object; @ 203
Event: 3,522 Thread 0x00007f8db400a000 Uncommon trap: reason=bimorphic action=maybe_recompile pc=0x00007f8dfd2f6d00 method=java.util.HashMap.putVal(ILjava/lang/Object;Ljava/lang/Object;ZZ)Ljava/lang/Object; @ 203

Classes redefined (0 events):
No events

Internal exceptions (10 events):
Event: 2,882 Thread 0x00007f8db4004000 Exception <a 'java/lang/NoSuchMethodError': <clinit>> (0x00000000e19d7990) thrown at [/ssd/Android/AOSP-openjdk-git/jdk8u/hotspot/src/share/vm/prims/jni.cpp, line 1613]
Event: 2,901 Thread 0x00007f8db4004000 Exception <a 'java/lang/NoSuchMethodError': <clinit>> (0x00000000e19ef4c0) thrown at [/ssd/Android/AOSP-openjdk-git/jdk8u/hotspot/src/share/vm/prims/jni.cpp, line 1613]
Event: 2,903 Thread 0x00007f8db4004000 Exception <a 'java/lang/NoSuchMethodError': <clinit>> (0x00000000e19f7f88) thrown at [/ssd/Android/AOSP-openjdk-git/jdk8u/hotspot/src/share/vm/prims/jni.cpp, line 1613]
Event: 2,908 Thread 0x00007f8db4004000 Exception <a 'java/lang/NoSuchMethodError': <clinit>> (0x00000000e1a070f8) thrown at [/ssd/Android/AOSP-openjdk-git/jdk8u/hotspot/src/share/vm/prims/jni.cpp, line 1613]
Event: 2,981 Thread 0x00007f8db4004000 Exception <a 'java/lang/NoSuchMethodError': <clinit>> (0x00000000e1a83e40) thrown at [/ssd/Android/AOSP-openjdk-git/jdk8u/hotspot/src/share/vm/prims/jni.cpp, line 1613]
Event: 3,001 Thread 0x00007f8db4004000 Exception <a 'java/lang/NoSuchMethodError': <clinit>> (0x00000000e1aafbd0) thrown at [/ssd/Android/AOSP-openjdk-git/jdk8u/hotspot/src/share/vm/prims/jni.cpp, line 1613]
Event: 3,010 Thread 0x00007f8db4004000 Exception <a 'java/lang/NoSuchMethodError': <clinit>> (0x00000000e1abd388) thrown at [/ssd/Android/AOSP-openjdk-git/jdk8u/hotspot/src/share/vm/prims/jni.cpp, line 1613]
Event: 3,018 Thread 0x00007f8db4004000 Exception <a 'java/lang/NoSuchMethodError': <clinit>> (0x00000000e1adf9e0) thrown at [/ssd/Android/AOSP-openjdk-git/jdk8u/hotspot/src/share/vm/prims/jni.cpp, line 1613]
Event: 3,166 Thread 0x00007f8db400a000 Exception <a 'java/lang/NoSuchMethodError': <clinit>> (0x00000000e1bc4e80) thrown at [/ssd/Android/AOSP-openjdk-git/jdk8u/hotspot/src/share/vm/prims/jni.cpp, line 1613]
Event: 3,169 Thread 0x00007f8db400a000 Exception <a 'java/lang/NoSuchMethodError': <clinit>> (0x00000000e1bcd108) thrown at [/ssd/Android/AOSP-openjdk-git/jdk8u/hotspot/src/share/vm/prims/jni.cpp, line 1613]

Events (10 events):
Event: 4,274 loading class org/gradle/internal/work/WorkerLeaseRegistry done
Event: 4,275 loading class org/gradle/internal/resources/ProjectLeaseRegistry
Event: 4,275 loading class org/gradle/internal/resources/ProjectLeaseRegistry done
Event: 4,293 loading class org/gradle/internal/work/AsyncWorkTracker
Event: 4,293 loading class org/gradle/internal/work/AsyncWorkTracker done
Event: 4,296 loading class org/gradle/internal/resources/ResourceLockCoordinationService
Event: 4,296 loading class org/gradle/internal/resources/ResourceLockCoordinationService done
Event: 4,299 loading class org/gradle/api/internal/attributes/ImmutableAttributesFactory
Event: 4,299 loading class org/gradle/api/internal/attributes/ImmutableAttributesFactory done
Event: 4,306 Executing VM operation: ParallelGCFailedAllocation


Dynamic libraries:
00400000-00401000 r-xp 00000000 08:02 4066086                            /opt/android-studio/jre/bin/java
00600000-00601000 r--p 00000000 08:02 4066086                            /opt/android-studio/jre/bin/java
00601000-00602000 rw-p 00001000 08:02 4066086                            /opt/android-studio/jre/bin/java
00916000-00937000 rw-p 00000000 00:00 0                                  [heap]
a0000000-a2800000 rw-p 00000000 00:00 0 
a2800000-e0000000 ---p 00000000 00:00 0 
e0000000-e2300000 rw-p 00000000 00:00 0 
e4100000-100000000 ---p 00000000 00:00 0 
100000000-1001c0000 rw-p 00000000 00:00 0 
1001c0000-140000000 ---p 00000000 00:00 0 
7f8d98000000-7f8d98021000 rw-p 00000000 00:00 0 
7f8d98021000-7f8d9c000000 ---p 00000000 00:00 0 
7f8da0000000-7f8da0031000 rw-p 00000000 00:00 0 
7f8da0031000-7f8da4000000 ---p 00000000 00:00 0 
7f8da4000000-7f8da4021000 rw-p 00000000 00:00 0 
7f8da4021000-7f8da8000000 ---p 00000000 00:00 0 
7f8da8000000-7f8da8030000 rw-p 00000000 00:00 0 
7f8da8030000-7f8dac000000 ---p 00000000 00:00 0 
7f8dac000000-7f8dac021000 rw-p 00000000 00:00 0 
7f8dac021000-7f8db0000000 ---p 00000000 00:00 0 
7f8db0000000-7f8db0021000 rw-p 00000000 00:00 0 
7f8db0021000-7f8db4000000 ---p 00000000 00:00 0 
7f8db4000000-7f8db4021000 rw-p 00000000 00:00 0 
7f8db4021000-7f8db8000000 ---p 00000000 00:00 0 
7f8db8000000-7f8db807c000 rw-p 00000000 00:00 0 
7f8db807c000-7f8dbc000000 ---p 00000000 00:00 0 
7f8dbcfff000-7f8dc0000000 rw-p 00000000 00:00 0 
7f8dc0000000-7f8dc0021000 rw-p 00000000 00:00 0 
7f8dc0021000-7f8dc4000000 ---p 00000000 00:00 0 
7f8dc4000000-7f8dc4021000 rw-p 00000000 00:00 0 
7f8dc4021000-7f8dc8000000 ---p 00000000 00:00 0 
7f8dc8000000-7f8dc8294000 rw-p 00000000 00:00 0 
7f8dc8294000-7f8dcc000000 ---p 00000000 00:00 0 
7f8dcc000000-7f8dcc22e000 rw-p 00000000 00:00 0 
7f8dcc22e000-7f8dd0000000 ---p 00000000 00:00 0 
7f8dd0000000-7f8dd0021000 rw-p 00000000 00:00 0 
7f8dd0021000-7f8dd4000000 ---p 00000000 00:00 0 
7f8dd4000000-7f8dd42db000 rw-p 00000000 00:00 0 
7f8dd42db000-7f8dd8000000 ---p 00000000 00:00 0 
7f8dd8000000-7f8dd8021000 rw-p 00000000 00:00 0 
7f8dd8021000-7f8ddc000000 ---p 00000000 00:00 0 
7f8ddc000000-7f8ddc021000 rw-p 00000000 00:00 0 
7f8ddc021000-7f8de0000000 ---p 00000000 00:00 0 
7f8de0000000-7f8de0021000 rw-p 00000000 00:00 0 
7f8de0021000-7f8de4000000 ---p 00000000 00:00 0 
7f8de4000000-7f8de4280000 rw-p 00000000 00:00 0 
7f8de4280000-7f8de8000000 ---p 00000000 00:00 0 
7f8de8000000-7f8de8021000 rw-p 00000000 00:00 0 
7f8de8021000-7f8dec000000 ---p 00000000 00:00 0 
7f8decaa3000-7f8decae3000 rw-p 00000000 00:00 0 
7f8decae3000-7f8decca3000 ---p 00000000 00:00 0 
7f8decca3000-7f8decca6000 ---p 00000000 00:00 0 
7f8decca6000-7f8decda4000 rw-p 00000000 00:00 0 
7f8decda4000-7f8decda7000 ---p 00000000 00:00 0 
7f8decda7000-7f8decea5000 rw-p 00000000 00:00 0 
7f8decea5000-7f8decea8000 ---p 00000000 00:00 0 
7f8decea8000-7f8decfa6000 rw-p 00000000 00:00 0 
7f8decfa6000-7f8decfa9000 ---p 00000000 00:00 0 
7f8decfa9000-7f8ded0a7000 rw-p 00000000 00:00 0 
7f8ded0a7000-7f8ded0aa000 ---p 00000000 00:00 0 
7f8ded0aa000-7f8ded1a8000 rw-p 00000000 00:00 0 
7f8ded1a8000-7f8ded1ab000 ---p 00000000 00:00 0 
7f8ded1ab000-7f8ded2a9000 rw-p 00000000 00:00 0 
7f8ded2a9000-7f8ded2ac000 ---p 00000000 00:00 0 
7f8ded2ac000-7f8ded3aa000 rw-p 00000000 00:00 0 
7f8ded3aa000-7f8ded3b1000 r--s 00000000 08:02 268565                     /usr/lib/x86_64-linux-gnu/gconv/gconv-modules.cache
7f8ded3b1000-7f8ded3b4000 ---p 00000000 00:00 0 
7f8ded3b4000-7f8ded4b2000 rw-p 00000000 00:00 0 
7f8ded4b2000-7f8ded4b7000 r--s 0009a000 08:02 4066264                    /opt/android-studio/jre/jre/lib/jsse.jar
7f8ded4b7000-7f8ded6b7000 rw-p 00000000 00:00 0 
7f8ded6b7000-7f8ded6c0000 r-xp 00000000 08:02 4066217                    /opt/android-studio/jre/jre/lib/amd64/libmanagement.so
7f8ded6c0000-7f8ded8bf000 ---p 00009000 08:02 4066217                    /opt/android-studio/jre/jre/lib/amd64/libmanagement.so
7f8ded8bf000-7f8ded8c0000 r--p 00008000 08:02 4066217                    /opt/android-studio/jre/jre/lib/amd64/libmanagement.so
7f8ded8c0000-7f8ded8c1000 rw-p 00009000 08:02 4066217                    /opt/android-studio/jre/jre/lib/amd64/libmanagement.so
7f8ded8c1000-7f8ded8c3000 r--s 00007000 08:02 2102330                    /home/eric/.gradle/wrapper/dists/gradle-4.1-all/bzyivzo6n839fup2jbap0tjew/gradle-4.1/lib/plugins/gradle-tooling-api-builders-4.1.jar
7f8ded8c3000-7f8ded8c6000 r--s 00009000 08:02 2102340                    /home/eric/.gradle/wrapper/dists/gradle-4.1-all/bzyivzo6n839fup2jbap0tjew/gradle-4.1/lib/plugins/gradle-testing-native-4.1.jar
7f8ded8c6000-7f8ded8c8000 r--s 00009000 08:02 2102413                    /home/eric/.gradle/wrapper/dists/gradle-4.1-all/bzyivzo6n839fup2jbap0tjew/gradle-4.1/lib/plugins/hamcrest-core-1.3.jar
7f8ded8c8000-7f8ded8cd000 r--s 00040000 08:02 2102408                    /home/eric/.gradle/wrapper/dists/gradle-4.1-all/bzyivzo6n839fup2jbap0tjew/gradle-4.1/lib/plugins/bsh-2.0b4.jar
7f8ded8cd000-7f8ded8cf000 r--s 00006000 08:02 2102409                    /home/eric/.gradle/wrapper/dists/gradle-4.1-all/bzyivzo6n839fup2jbap0tjew/gradle-4.1/lib/plugins/jcommander-1.12.jar
7f8ded8cf000-7f8ded8d5000 r--s 00033000 08:02 2102410                    /home/eric/.gradle/wrapper/dists/gradle-4.1-all/bzyivzo6n839fup2jbap0tjew/gradle-4.1/lib/plugins/snakeyaml-1.6.jar
7f8ded8d5000-7f8ded8de000 r--s 00089000 08:02 2102368                    /home/eric/.gradle/wrapper/dists/gradle-4.1-all/bzyivzo6n839fup2jbap0tjew/gradle-4.1/lib/plugins/testng-6.3.1.jar
7f8ded8de000-7f8ded8e6000 r--s 00045000 08:02 2102369                    /home/eric/.gradle/wrapper/dists/gradle-4.1-all/bzyivzo6n839fup2jbap0tjew/gradle-4.1/lib/plugins/junit-4.12.jar
7f8ded8e6000-7f8ded8ec000 r--s 0002e000 08:02 2102336                    /home/eric/.gradle/wrapper/dists/gradle-4.1-all/bzyivzo6n839fup2jbap0tjew/gradle-4.1/lib/plugins/gradle-testing-jvm-4.1.jar
7f8ded8ec000-7f8ded8f0000 r--s 00017000 08:02 2102344                    /home/eric/.gradle/wrapper/dists/gradle-4.1-all/bzyivzo6n839fup2jbap0tjew/gradle-4.1/lib/plugins/gradle-testing-base-4.1.jar
7f8ded8f0000-7f8ded8f7000 r--s 00038000 08:02 2102364                    /home/eric/.gradle/wrapper/dists/gradle-4.1-all/bzyivzo6n839fup2jbap0tjew/gradle-4.1/lib/plugins/bcpg-jdk15on-1.51.jar
7f8ded8f7000-7f8ded8f9000 r--s 0000c000 08:02 2102315                    /home/eric/.gradle/wrapper/dists/gradle-4.1-all/bzyivzo6n839fup2jbap0tjew/gradle-4.1/lib/plugins/gradle-signing-4.1.jar
7f8ded8f9000-7f8ded8fb000 r--s 00007000 08:02 2102321                    /home/eric/.gradle/wrapper/dists/gradle-4.1-all/bzyivzo6n839fup2jbap0tjew/gradle-4.1/lib/plugins/gradle-scala-4.1.jar
7f8ded8fb000-7f8ded8fc000 r--s 00004000 08:02 2102352                    /home/eric/.gradle/wrapper/dists/gradle-4.1-all/bzyivzo6n839fup2jbap0tjew/gradle-4.1/lib/plugins/gradle-resources-sftp-4.1.jar
7f8ded8fc000-7f8ded90c000 r--s 00088000 08:02 2102381                    /home/eric/.gradle/wrapper/dists/gradle-4.1-all/bzyivzo6n839fup2jbap0tjew/gradle-4.1/lib/plugins/joda-time-2.8.2.jar
7f8ded90c000-7f8ded91d000 r--s 0010d000 08:02 2102380                    /home/eric/.gradle/wrapper/dists/gradle-4.1-all/bzyivzo6n839fup2jbap0tjew/gradle-4.1/lib/plugins/jackson-databind-2.6.6.jar
7f8ded91d000-7f8ded920000 r--s 00009000 08:02 2102379                    /home/eric/.gradle/wrapper/dists/gradle-4.1-all/bzyivzo6n839fup2jbap0tjew/gradle-4.1/lib/plugins/jackson-annotations-2.6.6.jar
7f8ded920000-7f8ded924000 r--s 0003c000 08:02 2102378                    /home/eric/.gradle/wrapper/dists/gradle-4.1-all/bzyivzo6n839fup2jbap0tjew/gradle-4.1/lib/plugins/jackson-core-2.6.6.jar
7f8ded924000-7f8ded932000 r--s 00087000 08:02 2102377                    /home/eric/.gradle/wrapper/dists/gradle-4.1-all/bzyivzo6n839fup2jbap0tjew/gradle-4.1/lib/plugins/aws-java-sdk-core-1.11.6.jar
7f8ded932000-7f8ded939000 r--s 00057000 08:02 2102376                    /home/eric/.gradle/wrapper/dists/gradle-4.1-all/bzyivzo6n839fup2jbap0tjew/gradle-4.1/lib/plugins/aws-java-sdk-kms-1.11.6.jar
7f8ded939000-7f8ded946000 r--s 0008e000 08:02 2102375                    /home/eric/.gradle/wrapper/dists/gradle-4.1-all/bzyivzo6n839fup2jbap0tjew/gradle-4.1/lib/plugins/aws-java-sdk-s3-1.11.6.jar
7f8ded946000-7f8ded948000 r--s 00004000 08:02 2102349                    /home/eric/.gradle/wrapper/dists/gradle-4.1-all/bzyivzo6n839fup2jbap0tjew/gradle-4.1/lib/plugins/gradle-resources-s3-4.1.jar
7f8ded948000-7f8ded94a000 r--s 00010000 08:02 2102345                    /home/eric/.gradle/wrapper/dists/gradle-4.1-all/bzyivzo6n839fup2jbap0tjew/gradle-4.1/lib/plugins/gradle-reporting-4.1.jar
7f8ded94a000-7f8ded94c000 r--s 00002000 08:02 2102346                    /home/eric/.gradle/wrapper/dists/gradle-4.1-all/bzyivzo6n839fup2jbap0tjew/gradle-4.1/lib/plugins/gradle-publish-4.1.jar
7f8ded94c000-7f8ded94e000 r--s 00009000 08:02 2102357                    /home/eric/.gradle/wrapper/dists/gradle-4.1-all/bzyivzo6n839fup2jbap0tjew/gradle-4.1/lib/plugins/commons-cli-1.2.jar
7f8ded94e000-7f8ded954000 r--s 00036000 08:02 2102329                    /home/eric/.gradle/wrapper/dists/gradle-4.1-all/bzyivzo6n839fup2jbap0tjew/gradle-4.1/lib/plugins/gradle-plugins-4.1.jar
7f8ded954000-7f8ded956000 r--s 00009000 08:02 2102316                    /home/eric/.gradle/wrapper/dists/gradle-4.1-all/bzyivzo6n839fup2jbap0tjew/gradle-4.1/lib/plugins/gradle-plugin-development-4.1.jar
7f8ded956000-7f8ded95c000 r--s 0002b000 08:02 2102324                    /home/eric/.gradle/wrapper/dists/gradle-4.1-all/bzyivzo6n839fup2jbap0tjew/gradle-4.1/lib/plugins/gradle-platform-play-4.1.jar
7f8ded95c000-7f8ded96b000 r--s 0005b000 08:02 2102342                    /home/eric/.gradle/wrapper/dists/gradle-4.1-all/bzyivzo6n839fup2jbap0tjew/gradle-4.1/lib/plugins/gradle-platform-native-4.1.jar
7f8ded96b000-7f8ded96f000 r--s 0001b000 08:02 2102339                    /home/eric/.gradle/wrapper/dists/gradle-4.1-all/bzyivzo6n839fup2jbap0tjew/gradle-4.1/lib/plugins/gradle-platform-jvm-4.1.jar
7f8ded96f000-7f8ded977000 r--s 00027000 08:02 2102347                    /home/eric/.gradle/wrapper/dists/gradle-4.1-all/bzyivzo6n839fup2jbap0tjew/gradle-4.1/lib/plugins/gradle-platform-base-4.1.jar
7f8ded977000-7f8ded99f000 r--s 0021c000 08:02 2102358                    /home/eric/.gradle/wrapper/dists/gradle-4.1-all/bzyivzo6n839fup2jbap0tjew/gradle-4.1/lib/plugins/biz.aQute.bndlib-3.2.0.jar
7f8ded99f000-7f8ded9a0000 r--s 00004000 08:02 2102314                    /home/eric/.gradle/wrapper/dists/gradle-4.1-all/bzyivzo6n839fup2jbap0tjew/gradle-4.1/lib/plugins/gradle-osgi-4.1.jar
7f8ded9a0000-7f8ded9a3000 r--s 0000c000 08:02 2102361                    /home/eric/.gradle/wrapper/dists/gradle-4.1-all/bzyivzo6n839fup2jbap0tjew/gradle-4.1/lib/plugins/pmaven-groovy-0.8-20100325.jar
7f8ded9a3000-7f8ded9a4000 r--s 00004000 08:02 2102360                    /home/eric/.gradle/wrapper/dists/gradle-4.1-all/bzyivzo6n839fup2jbap0tjew/gradle-4.1/lib/plugins/pmaven-common-0.8-20100325.jar
7f8ded9a4000-7f8ded9aa000 r--s 00023000 08:02 2102317                    /home/eric/.gradle/wrapper/dists/gradle-4.1-all/bzyivzo6n839fup2jbap0tjew/gradle-4.1/lib/plugins/gradle-maven-4.1.jar
7f8ded9aa000-7f8ded9ad000 r--s 0000b000 08:02 2102335                    /home/eric/.gradle/wrapper/dists/gradle-4.1-all/bzyivzo6n839fup2jbap0tjew/gradle-4.1/lib/plugins/gradle-language-scala-4.1.jar
7f8ded9ad000-7f8ded9b4000 r--s 00020000 08:02 2102341                    /home/eric/.gradle/wrapper/dists/gradle-4.1-all/bzyivzo6n839fup2jbap0tjew/gradle-4.1/lib/plugins/gradle-language-native-4.1.jar
7f8ded9b4000-7f8ded9b6000 r--s 00005000 08:02 2102338                    /home/eric/.gradle/wrapper/dists/gradle-4.1-all/bzyivzo6n839fup2jbap0tjew/gradle-4.1/lib/plugins/gradle-language-jvm-4.1.jar
7f8ded9b6000-7f8ded9bd000 r--s 0002f000 08:02 2102337                    /home/eric/.gradle/wrapper/dists/gradle-4.1-all/bzyivzo6n839fup2jbap0tjew/gradle-4.1/lib/plugins/gradle-language-java-4.1.jar
7f8ded9bd000-7f8ded9c0000 r--s 0000a000 08:02 2102334                    /home/eric/.gradle/wrapper/dists/gradle-4.1-all/bzyivzo6n839fup2jbap0tjew/gradle-4.1/lib/plugins/gradle-language-groovy-4.1.jar
7f8ded9c0000-7f8ded9c7000 r--s 00035000 08:02 2102367                    /home/eric/.gradle/wrapper/dists/gradle-4.1-all/bzyivzo6n839fup2jbap0tjew/gradle-4.1/lib/plugins/simple-4.1.21.jar
7f8ded9c7000-7f8ded9d3000 r--s 00100000 08:02 2102365                    /home/eric/.gradle/wrapper/dists/gradle-4.1-all/bzyivzo6n839fup2jbap0tjew/gradle-4.1/lib/plugins/rhino-1.7R3.jar
7f8ded9d3000-7f8ded9d7000 r--s 00012000 08:02 2102325                    /home/eric/.gradle/wrapper/dists/gradle-4.1-all/bzyivzo6n839fup2jbap0tjew/gradle-4.1/lib/plugins/gradle-javascript-4.1.jar
7f8ded9d7000-7f8ded9da000 r--s 00011000 08:02 2102327                    /home/eric/.gradle/wrapper/dists/gradle-4.1-all/bzyivzo6n839fup2jbap0tjew/gradle-4.1/lib/plugins/gradle-jacoco-4.1.jar
7f8ded9da000-7f8ded9dd000 r--s 0000e000 08:02 2102326                    /home/eric/.gradle/wrapper/dists/gradle-4.1-all/bzyivzo6n839fup2jbap0tjew/gradle-4.1/lib/plugins/gradle-ivy-4.1.jar
7f8ded9dd000-7f8ded9de000 r--s 00002000 08:02 2102318                    /home/eric/.gradle/wrapper/dists/gradle-4.1-all/bzyivzo6n839fup2jbap0tjew/gradle-4.1/lib/plugins/gradle-ide-play-4.1.jar
7f8ded9de000-7f8ded9e1000 r--s 00013000 08:02 2102319                    /home/eric/.gradle/wrapper/dists/gradle-4.1-all/bzyivzo6n839fup2jbap0tjew/gradle-4.1/lib/plugins/gradle-ide-native-4.1.jar
7f8ded9e1000-7f8ded9eb000 r--s 00054000 08:02 2102320                    /home/eric/.gradle/wrapper/dists/gradle-4.1-all/bzyivzo6n839fup2jbap0tjew/gradle-4.1/lib/plugins/gradle-ide-4.1.jar
7f8ded9eb000-7f8ded9ed000 r--s 00007000 08:02 2102323                    /home/eric/.gradle/wrapper/dists/gradle-4.1-all/bzyivzo6n839fup2jbap0tjew/gradle-4.1/lib/plugins/gradle-ear-4.1.jar
7f8ded9ed000-7f8ded9ef000 r--s 00005000 08:02 2102355                    /home/eric/.gradle/wrapper/dists/gradle-4.1-all/bzyivzo6n839fup2jbap0tjew/gradle-4.1/lib/plugins/jatl-0.2.2.jar
7f8ded9ef000-7f8ded9f6000 r--s 00038000 08:02 2102343                    /home/eric/.gradle/wrapper/dists/gradle-4.1-all/bzyivzo6n839fup2jbap0tjew/gradle-4.1/lib/plugins/gradle-diagnostics-4.1.jar
7f8ded9f6000-7f8ded9f8000 r--s 0000b000 08:02 2102332                    /home/eric/.gradle/wrapper/dists/gradle-4.1-all/bzyivzo6n839fup2jbap0tjew/gradle-4.1/lib/plugins/gradle-composite-builds-4.1.jar
7f8ded9f8000-7f8ded9fd000 r--s 00025000 08:02 2102312                    /home/eric/.gradle/wrapper/dists/gradle-4.1-all/bzyivzo6n839fup2jbap0tjew/gradle-4.1/lib/plugins/gradle-code-quality-4.1.jar
7f8ded9fd000-7f8deda02000 r--s 00022000 08:02 2102328                    /home/eric/.gradle/wrapper/dists/gradle-4.1-all/bzyivzo6n839fup2jbap0tjew/gradle-4.1/lib/plugins/gradle-build-init-4.1.jar
7f8deda02000-7f8deda08000 r--s 0008e000 08:02 2102322                    /home/eric/.gradle/wrapper/dists/gradle-4.1-all/bzyivzo6n839fup2jbap0tjew/gradle-4.1/lib/plugins/gradle-build-comparison-4.1.jar
7f8deda08000-7f8deda09000 r--s 00002000 08:02 2102350                    /home/eric/.gradle/wrapper/dists/gradle-4.1-all/bzyivzo6n839fup2jbap0tjew/gradle-4.1/lib/plugins/gradle-build-cache-http-4.1.jar
7f8deda09000-7f8deda0b000 r--s 00008000 08:02 2102313                    /home/eric/.gradle/wrapper/dists/gradle-4.1-all/bzyivzo6n839fup2jbap0tjew/gradle-4.1/lib/plugins/gradle-antlr-4.1.jar
7f8deda0b000-7f8deda0d000 r--s 00004000 08:02 2102333                    /home/eric/.gradle/wrapper/dists/gradle-4.1-all/bzyivzo6n839fup2jbap0tjew/gradle-4.1/lib/plugins/gradle-announce-4.1.jar
7f8deda0d000-7f8deda0f000 r--s 00008000 08:02 2102253                    /home/eric/.gradle/wrapper/dists/gradle-4.1-all/bzyivzo6n839fup2jbap0tjew/gradle-4.1/lib/gradle-kotlin-dsl-tooling-builders-0.10.3.jar
7f8deda0f000-7f8deda12000 r--s 0001c000 08:02 2102371                    /home/eric/.gradle/wrapper/dists/gradle-4.1-all/bzyivzo6n839fup2jbap0tjew/gradle-4.1/lib/plugins/nekohtml-1.9.14.jar
7f8deda12000-7f8deda1a000 r--s 00028000 08:02 2102412                    /home/eric/.gradle/wrapper/dists/gradle-4.1-all/bzyivzo6n839fup2jbap0tjew/gradle-4.1/lib/plugins/xml-apis-1.3.04.jar
7f8deda1a000-7f8deda32000 r--s 00115000 08:02 2102372                    /home/eric/.gradle/wrapper/dists/gradle-4.1-all/bzyivzo6n839fup2jbap0tjew/gradle-4.1/lib/plugins/xercesImpl-2.9.1.jar
7f8deda32000-7f8deda38000 r--s 0005b000 08:02 2102370                    /home/eric/.gradle/wrapper/dists/gradle-4.1-all/bzyivzo6n839fup2jbap0tjew/gradle-4.1/lib/plugins/jcifs-1.3.17.jar
7f8deda38000-7f8deda3f000 r--s 00049000 08:02 2102411                    /home/eric/.gradle/wrapper/dists/gradle-4.1-all/bzyivzo6n839fup2jbap0tjew/gradle-4.1/lib/plugins/httpcore-4.4.4.jar
7f8deda3f000-7f8deda45000 r--s 00033000 08:02 2102363                    /home/eric/.gradle/wrapper/dists/gradle-4.1-all/bzyivzo6n839fup2jbap0tjew/gradle-4.1/lib/plugins/commons-codec-1.6.jar
7f8deda45000-7f8deda52000 r--s 000a4000 08:02 2102356                    /home/eric/.gradle/wrapper/dists/gradle-4.1-all/bzyivzo6n839fup2jbap0tjew/gradle-4.1/lib/plugins/httpclient-4.4.1.jar
7f8deda52000-7f8deda54000 r--s 0000b000 08:02 2102351                    /home/eric/.gradle/wrapper/dists/gradle-4.1-all/bzyivzo6n839fup2jbap0tjew/gradle-4.1/lib/plugins/gradle-resources-http-4.1.jar
7f8deda54000-7f8deda58000 r--s 00017000 08:02 2102348                    /home/eric/.gradle/wrapper/dists/gradle-4.1-all/bzyivzo6n839fup2jbap0tjew/gradle-4.1/lib/plugins/gradle-plugin-use-4.1.jar
7f8deda58000-7f8deda59000 r--s 00000000 08:02 2102259                    /home/eric/.gradle/wrapper/dists/gradle-4.1-all/bzyivzo6n839fup2jbap0tjew/gradle-4.1/lib/gradle-runtime-api-info-4.1.jar
7f8deda59000-7f8deda5a000 r--s 00000000 08:02 2102262                    /home/eric/.gradle/wrapper/dists/gradle-4.1-all/bzyivzo6n839fup2jbap0tjew/gradle-4.1/lib/gradle-installation-beacon-4.1.jar
7f8deda5a000-7f8deda9a000 r--s 00277000 08:02 2102383                    /home/eric/.gradle/wrapper/dists/gradle-4.1-all/bzyivzo6n839fup2jbap0tjew/gradle-4.1/lib/plugins/bcprov-jdk15on-1.51.jar
7f8deda9a000-7f8deda9e000 r--s 0001d000 08:02 2102382                    /home/eric/.gradle/wrapper/dists/gradle-4.1-all/bzyivzo6n839fup2jbap0tjew/gradle-4.1/lib/plugins/xbean-reflect-3.4.jar
7f8deda9e000-7f8dedaa0000 r--s 0000a000 08:02 2102384                    /home/eric/.gradle/wrapper/dists/gradle-4.1-all/bzyivzo6n839fup2jbap0tjew/gradle-4.1/lib/plugins/maven-settings-3.0.4.jar
7f8dedaa0000-7f8dedaa3000 r--s 00008000 08:02 2102385                    /home/eric/.gradle/wrapper/dists/gradle-4.1-all/bzyivzo6n839fup2jbap0tjew/gradle-4.1/lib/plugins/maven-settings-builder-3.0.4.jar
7f8dedaa3000-7f8dedaa7000 r--s 00033000 08:02 2102386                    /home/eric/.gradle/wrapper/dists/gradle-4.1-all/bzyivzo6n839fup2jbap0tjew/gradle-4.1/lib/plugins/plexus-utils-2.0.6.jar
7f8dedaa7000-7f8dedaa9000 r--s 0000d000 08:02 2102387                    /home/eric/.gradle/wrapper/dists/gradle-4.1-all/bzyivzo6n839fup2jbap0tjew/gradle-4.1/lib/plugins/plexus-interpolation-1.14.jar
7f8dedaa9000-7f8dedaab000 r--s 00000000 08:02 2102362                    /home/eric/.gradle/wrapper/dists/gradle-4.1-all/bzyivzo6n839fup2jbap0tjew/gradle-4.1/lib/plugins/plexus-component-annotations-1.5.5.jar
7f8dedaab000-7f8dedab2000 r--s 0002e000 08:02 2102388                    /home/eric/.gradle/wrapper/dists/gradle-4.1-all/bzyivzo6n839fup2jbap0tjew/gradle-4.1/lib/plugins/plexus-container-default-1.5.5.jar
7f8dedab2000-7f8dedab4000 r--s 0000a000 08:02 2102389                    /home/eric/.gradle/wrapper/dists/gradle-4.1-all/bzyivzo6n839fup2jbap0tjew/gradle-4.1/lib/plugins/plexus-classworlds-2.4.jar
7f8dedab4000-7f8dedab6000 r--s 00002000 08:02 2102390                    /home/eric/.gradle/wrapper/dists/gradle-4.1-all/bzyivzo6n839fup2jbap0tjew/gradle-4.1/lib/plugins/plexus-cipher-1.7.jar
7f8dedab6000-7f8dedab7000 r--s 00006000 08:02 2102391                    /home/eric/.gradle/wrapper/dists/gradle-4.1-all/bzyivzo6n839fup2jbap0tjew/gradle-4.1/lib/plugins/plexus-sec-dispatcher-1.3.jar
7f8dedab7000-7f8dedabd000 r--s 0003f000 08:02 2102392                    /home/eric/.gradle/wrapper/dists/gradle-4.1-all/bzyivzo6n839fup2jbap0tjew/gradle-4.1/lib/plugins/maven-compat-3.0.4.jar
7f8dedabd000-7f8dedac1000 r--s 00021000 08:02 2102393                    /home/eric/.gradle/wrapper/dists/gradle-4.1-all/bzyivzo6n839fup2jbap0tjew/gradle-4.1/lib/plugins/maven-model-builder-3.0.4.jar
7f8dedac1000-7f8dedac3000 r--s 00026000 08:02 2102394                    /home/eric/.gradle/wrapper/dists/gradle-4.1-all/bzyivzo6n839fup2jbap0tjew/gradle-4.1/lib/plugins/maven-model-3.0.4.jar
7f8dedac3000-7f8dedac5000 r--s 0000b000 08:02 2102395                    /home/eric/.gradle/wrapper/dists/gradle-4.1-all/bzyivzo6n839fup2jbap0tjew/gradle-4.1/lib/plugins/maven-artifact-3.0.4.jar
7f8dedac5000-7f8dedac7000 r--s 00006000 08:02 2102396                    /home/eric/.gradle/wrapper/dists/gradle-4.1-all/bzyivzo6n839fup2jbap0tjew/gradle-4.1/lib/plugins/maven-repository-metadata-3.0.4.jar
7f8dedac7000-7f8dedac9000 r--s 0000b000 08:02 2102397                    /home/eric/.gradle/wrapper/dists/gradle-4.1-all/bzyivzo6n839fup2jbap0tjew/gradle-4.1/lib/plugins/maven-plugin-api-3.0.4.jar
7f8dedac9000-7f8dedacb000 r--s 0000c000 08:02 2102398                    /home/eric/.gradle/wrapper/dists/gradle-4.1-all/bzyivzo6n839fup2jbap0tjew/gradle-4.1/lib/plugins/maven-aether-provider-3.0.4.jar
7f8dedacb000-7f8dedacc000 r--s 00002000 08:02 2102399                    /home/eric/.gradle/wrapper/dists/gradle-4.1-all/bzyivzo6n839fup2jbap0tjew/gradle-4.1/lib/plugins/wagon-file-2.4.jar
7f8dedacc000-7f8dedacd000 r--s 00002000 08:02 2102400                    /home/eric/.gradle/wrapper/dists/gradle-4.1-all/bzyivzo6n839fup2jbap0tjew/gradle-4.1/lib/plugins/wagon-http-2.4.jar
7f8dedacd000-7f8dedacf000 r--s 0000b000 08:02 2102401                    /home/eric/.gradle/wrapper/dists/gradle-4.1-all/bzyivzo6n839fup2jbap0tjew/gradle-4.1/lib/plugins/wagon-provider-api-2.4.jar
7f8dedacf000-7f8dedad0000 r--s 00007000 08:02 2102402                    /home/eric/.gradle/wrapper/dists/gradle-4.1-all/bzyivzo6n839fup2jbap0tjew/gradle-4.1/lib/plugins/wagon-http-shared4-2.4.jar
7f8dedad0000-7f8dedad3000 r--s 00013000 08:02 2102403                    /home/eric/.gradle/wrapper/dists/gradle-4.1-all/bzyivzo6n839fup2jbap0tjew/gradle-4.1/lib/plugins/aether-api-1.13.1.jar
7f8dedad3000-7f8dedad6000 r--s 0001d000 08:02 2102404                    /home/eric/.gradle/wrapper/dists/gradle-4.1-all/bzyivzo6n839fup2jbap0tjew/gradle-4.1/lib/plugins/aether-impl-1.13.1.jar
7f8dedad6000-7f8dedad7000 r--s 00003000 08:02 2102405                    /home/eric/.gradle/wrapper/dists/gradle-4.1-all/bzyivzo6n839fup2jbap0tjew/gradle-4.1/lib/plugins/aether-spi-1.13.1.jar
7f8dedad7000-7f8dedadb000 r--s 0001c000 08:02 2102406                    /home/eric/.gradle/wrapper/dists/gradle-4.1-all/bzyivzo6n839fup2jbap0tjew/gradle-4.1/lib/plugins/aether-util-1.13.1.jar
7f8dedadb000-7f8dedadd000 r--s 00006000 08:02 2102407                    /home/eric/.gradle/wrapper/dists/gradle-4.1-all/bzyivzo6n839fup2jbap0tjew/gradle-4.1/lib/plugins/aether-connector-wagon-1.13.1.jar
7f8dedadd000-7f8dedae9000 r--s 0007d000 08:02 2102359                    /home/eric/.gradle/wrapper/dists/gradle-4.1-all/bzyivzo6n839fup2jbap0tjew/gradle-4.1/lib/plugins/maven-core-3.0.4.jar
7f8dedae9000-7f8dedb0d000 r--s 0011a000 08:02 2102354                    /home/eric/.gradle/wrapper/dists/gradle-4.1-all/bzyivzo6n839fup2jbap0tjew/gradle-4.1/lib/plugins/gradle-dependency-management-4.1.jar
7f8dedb0d000-7f8dedb23000 r-xp 00000000 08:02 5767174                    /lib/x86_64-linux-gnu/libgcc_s.so.1
7f8dedb23000-7f8dedd22000 ---p 00016000 08:02 5767174                    /lib/x86_64-linux-gnu/libgcc_s.so.1
7f8dedd22000-7f8dedd23000 r--p 00015000 08:02 5767174                    /lib/x86_64-linux-gnu/libgcc_s.so.1
7f8dedd23000-7f8dedd24000 rw-p 00016000 08:02 5767174                    /lib/x86_64-linux-gnu/libgcc_s.so.1
7f8dedd24000-7f8dede9c000 r-xp 00000000 08:02 6815930                    /usr/lib/x86_64-linux-gnu/libstdc++.so.6.0.24
7f8dede9c000-7f8dee09b000 ---p 00178000 08:02 6815930                    /usr/lib/x86_64-linux-gnu/libstdc++.so.6.0.24
7f8dee09b000-7f8dee0a5000 r--p 00177000 08:02 6815930                    /usr/lib/x86_64-linux-gnu/libstdc++.so.6.0.24
7f8dee0a5000-7f8dee0a7000 rw-p 00181000 08:02 6815930                    /usr/lib/x86_64-linux-gnu/libstdc++.so.6.0.24
7f8dee0a7000-7f8dee0aa000 rw-p 00000000 00:00 0 
7f8dee0aa000-7f8dee0af000 r--s 00034000 08:02 2102366                    /home/eric/.gradle/wrapper/dists/gradle-4.1-all/bzyivzo6n839fup2jbap0tjew/gradle-4.1/lib/plugins/gson-2.7.jar
7f8dee0af000-7f8dee0b4000 r--s 00040000 08:02 2102374                    /home/eric/.gradle/wrapper/dists/gradle-4.1-all/bzyivzo6n839fup2jbap0tjew/gradle-4.1/lib/plugins/jsch-0.1.54.jar
7f8dee0b4000-7f8dee0c3000 r--s 000d9000 08:02 2102373                    /home/eric/.gradle/wrapper/dists/gradle-4.1-all/bzyivzo6n839fup2jbap0tjew/gradle-4.1/lib/plugins/ivy-2.2.0.jar
7f8dee0c3000-7f8dee0c6000 r--s 0000d000 08:02 2102353                    /home/eric/.gradle/wrapper/dists/gradle-4.1-all/bzyivzo6n839fup2jbap0tjew/gradle-4.1/lib/plugins/gradle-workers-4.1.jar
7f8dee0c6000-7f8dee0cb000 r-xp 00000000 08:02 2103039                    /home/eric/.gradle/native/25/linux-amd64/libnative-platform.so
7f8dee0cb000-7f8dee2ca000 ---p 00005000 08:02 2103039                    /home/eric/.gradle/native/25/linux-amd64/libnative-platform.so
7f8dee2ca000-7f8dee2cb000 rw-p 00004000 08:02 2103039                    /home/eric/.gradle/native/25/linux-amd64/libnative-platform.so
7f8dee2cb000-7f8dee2dc000 r-xp 00000000 08:02 4066209                    /opt/android-studio/jre/jre/lib/amd64/libnio.so
7f8dee2dc000-7f8dee4db000 ---p 00011000 08:02 4066209                    /opt/android-studio/jre/jre/lib/amd64/libnio.so
7f8dee4db000-7f8dee4dc000 r--p 00010000 08:02 4066209                    /opt/android-studio/jre/jre/lib/amd64/libnio.so
7f8dee4dc000-7f8dee4dd000 rw-p 00011000 08:02 4066209                    /opt/android-studio/jre/jre/lib/amd64/libnio.so
7f8dee4dd000-7f8dee4f3000 r-xp 00000000 08:02 4066211                    /opt/android-studio/jre/jre/lib/amd64/libnet.so
7f8dee4f3000-7f8dee6f3000 ---p 00016000 08:02 4066211                    /opt/android-studio/jre/jre/lib/amd64/libnet.so
7f8dee6f3000-7f8dee6f4000 r--p 00016000 08:02 4066211                    /opt/android-studio/jre/jre/lib/amd64/libnet.so
7f8dee6f4000-7f8dee6f5000 rw-p 00017000 08:02 4066211                    /opt/android-studio/jre/jre/lib/amd64/libnet.so
7f8dee6f5000-7f8dee6f6000 r--s 00006000 08:02 2102261                    /home/eric/.gradle/wrapper/dists/gradle-4.1-all/bzyivzo6n839fup2jbap0tjew/gradle-4.1/lib/gradle-wrapper-4.1.jar
7f8dee6f6000-7f8dee703000 r--s 00043000 08:02 2102260                    /home/eric/.gradle/wrapper/dists/gradle-4.1-all/bzyivzo6n839fup2jbap0tjew/gradle-4.1/lib/gradle-tooling-api-4.1.jar
7f8dee703000-7f8dee712000 r--s 000c8000 08:02 2102257                    /home/eric/.gradle/wrapper/dists/gradle-4.1-all/bzyivzo6n839fup2jbap0tjew/gradle-4.1/lib/kotlin-stdlib-1.1.3-2.jar
7f8dee712000-7f8dee744000 r--s 0021b000 08:02 2102256                    /home/eric/.gradle/wrapper/dists/gradle-4.1-all/bzyivzo6n839fup2jbap0tjew/gradle-4.1/lib/kotlin-reflect-1.1.3-2.jar
7f8dee744000-7f8dee8fb000 r--s 01786000 08:02 2102255                    /home/eric/.gradle/wrapper/dists/gradle-4.1-all/bzyivzo6n839fup2jbap0tjew/gradle-4.1/lib/kotlin-compiler-embeddable-1.1.3-2.jar
7f8dee8fb000-7f8dee8fc000 r--s 00000000 08:02 2102254                    /home/eric/.gradle/wrapper/dists/gradle-4.1-all/bzyivzo6n839fup2jbap0tjew/gradle-4.1/lib/gradle-kotlin-dsl-tooling-models-0.10.3.jar
7f8dee8fc000-7f8dee8fd000 r--s 00001000 08:02 2102252                    /home/eric/.gradle/wrapper/dists/gradle-4.1-all/bzyivzo6n839fup2jbap0tjew/gradle-4.1/lib/gradle-kotlin-dsl-compiler-plugin-0.10.3.jar
7f8dee8fd000-7f8dee8ff000 r--s 00003000 08:02 2102250                    /home/eric/.gradle/wrapper/dists/gradle-4.1-all/bzyivzo6n839fup2jbap0tjew/gradle-4.1/lib/annotations-13.0.jar
7f8dee8ff000-7f8dee909000 r--s 00073000 08:02 2102251                    /home/eric/.gradle/wrapper/dists/gradle-4.1-all/bzyivzo6n839fup2jbap0tjew/gradle-4.1/lib/gradle-kotlin-dsl-0.10.3.jar
7f8dee909000-7f8dee90e000 r--s 00013000 08:02 2102267                    /home/eric/.gradle/wrapper/dists/gradle-4.1-all/bzyivzo6n839fup2jbap0tjew/gradle-4.1/lib/gradle-resources-4.1.jar
7f8dee90e000-7f8dee910000 r--s 00005000 08:02 2102274                    /home/eric/.gradle/wrapper/dists/gradle-4.1-all/bzyivzo6n839fup2jbap0tjew/gradle-4.1/lib/gradle-cli-4.1.jar
7f8dee910000-7f8dee912000 r--s 00003000 08:02 2102281                    /home/eric/.gradle/wrapper/dists/gradle-4.1-all/bzyivzo6n839fup2jbap0tjew/gradle-4.1/lib/jcl-over-slf4j-1.7.10.jar
7f8dee912000-7f8dee913000 r--s 00005000 08:02 2102280                    /home/eric/.gradle/wrapper/dists/gradle-4.1-all/bzyivzo6n839fup2jbap0tjew/gradle-4.1/lib/log4j-over-slf4j-1.7.10.jar
7f8dee913000-7f8dee915000 r--s 00000000 08:02 2102279                    /home/eric/.gradle/wrapper/dists/gradle-4.1-all/bzyivzo6n839fup2jbap0tjew/gradle-4.1/lib/jul-to-slf4j-1.7.10.jar
7f8dee915000-7f8dee91c000 r--s 0002c000 08:02 2102265                    /home/eric/.gradle/wrapper/dists/gradle-4.1-all/bzyivzo6n839fup2jbap0tjew/gradle-4.1/lib/gradle-logging-4.1.jar
7f8dee91c000-7f8dee92c000 r--s 00082000 08:02 2102270                    /home/eric/.gradle/wrapper/dists/gradle-4.1-all/bzyivzo6n839fup2jbap0tjew/gradle-4.1/lib/gradle-model-core-4.1.jar
7f8dee92c000-7f8dee92e000 r--s 00006000 08:02 2102271                    /home/eric/.gradle/wrapper/dists/gradle-4.1-all/bzyivzo6n839fup2jbap0tjew/gradle-4.1/lib/gradle-base-services-groovy-4.1.jar
7f8dee92e000-7f8dee99e000 r--s 00645000 08:02 2102287                    /home/eric/.gradle/wrapper/dists/gradle-4.1-all/bzyivzo6n839fup2jbap0tjew/gradle-4.1/lib/groovy-all-2.4.11.jar
7f8dee99e000-7f8dee9c6000 r--s 001cf000 08:02 2102283                    /home/eric/.gradle/wrapper/dists/gradle-4.1-all/bzyivzo6n839fup2jbap0tjew/gradle-4.1/lib/guava-jdk5-17.0.jar
7f8dee9c6000-7f8deea10000 r--s 00253000 08:02 2102263                    /home/eric/.gradle/wrapper/dists/gradle-4.1-all/bzyivzo6n839fup2jbap0tjew/gradle-4.1/lib/gradle-core-4.1.jar
7f8deea10000-7f8deea11000 ---p 00000000 00:00 0 
7f8deea11000-7f8deeb11000 rw-p 00000000 00:00 0 
7f8deeb11000-7f8deeb14000 ---p 00000000 00:00 0 
7f8deeb14000-7f8deec12000 rw-p 00000000 00:00 0 
7f8deec12000-7f8deec15000 ---p 00000000 00:00 0 
7f8deec15000-7f8deed13000 rw-p 00000000 00:00 0 
7f8deed13000-7f8deed16000 ---p 00000000 00:00 0 
7f8deed16000-7f8deee14000 rw-p 00000000 00:00 0 
7f8deee14000-7f8deee17000 ---p 00000000 00:00 0 
7f8deee17000-7f8deef15000 rw-p 00000000 00:00 0 
7f8deef15000-7f8deef18000 ---p 00000000 00:00 0 
7f8deef18000-7f8def016000 rw-p 00000000 00:00 0 
7f8def016000-7f8def2f3000 r--p 00000000 08:02 6817110                    /usr/lib/locale/locale-archive
7f8def2f3000-7f8def2f6000 ---p 00000000 00:00 0 
7f8def2f6000-7f8def3f4000 rw-p 00000000 00:00 0 
7f8def3f4000-7f8def3f7000 ---p 00000000 00:00 0 
7f8def3f7000-7f8def4f5000 rw-p 00000000 00:00 0 
7f8def4f5000-7f8def4f6000 ---p 00000000 00:00 0 
7f8def4f6000-7f8df0000000 rw-p 00000000 00:00 0 
7f8df0000000-7f8df0021000 rw-p 00000000 00:00 0 
7f8df0021000-7f8df4000000 ---p 00000000 00:00 0 
7f8df4000000-7f8df4002000 r--s 00007000 08:02 2102269                    /home/eric/.gradle/wrapper/dists/gradle-4.1-all/bzyivzo6n839fup2jbap0tjew/gradle-4.1/lib/gradle-model-groovy-4.1.jar
7f8df4002000-7f8df4003000 r--s 00002000 08:02 2102292                    /home/eric/.gradle/wrapper/dists/gradle-4.1-all/bzyivzo6n839fup2jbap0tjew/gradle-4.1/lib/gradle-docs-4.1.jar
7f8df4003000-7f8df4010000 r--s 00083000 08:02 2102290                    /home/eric/.gradle/wrapper/dists/gradle-4.1-all/bzyivzo6n839fup2jbap0tjew/gradle-4.1/lib/commons-collections-3.2.2.jar
7f8df4010000-7f8df4011000 r--s 00000000 08:02 2102289                    /home/eric/.gradle/wrapper/dists/gradle-4.1-all/bzyivzo6n839fup2jbap0tjew/gradle-4.1/lib/javax.inject-1.jar
7f8df4011000-7f8df4014000 r--s 00023000 08:02 2102293                    /home/eric/.gradle/wrapper/dists/gradle-4.1-all/bzyivzo6n839fup2jbap0tjew/gradle-4.1/lib/jansi-1.14.jar
7f8df4014000-7f8df4015000 r--s 00004000 08:02 2102295                    /home/eric/.gradle/wrapper/dists/gradle-4.1-all/bzyivzo6n839fup2jbap0tjew/gradle-4.1/lib/native-platform-freebsd-amd64-libcpp-0.14.jar
7f8df4015000-7f8df4016000 r--s 00004000 08:02 2102296                    /home/eric/.gradle/wrapper/dists/gradle-4.1-all/bzyivzo6n839fup2jbap0tjew/gradle-4.1/lib/native-platform-freebsd-amd64-libstdcpp-0.14.jar
7f8df4016000-7f8df4017000 r--s 00004000 08:02 2102297                    /home/eric/.gradle/wrapper/dists/gradle-4.1-all/bzyivzo6n839fup2jbap0tjew/gradle-4.1/lib/native-platform-freebsd-i386-libcpp-0.14.jar
7f8df4017000-7f8df4018000 r--s 00003000 08:02 2102298                    /home/eric/.gradle/wrapper/dists/gradle-4.1-all/bzyivzo6n839fup2jbap0tjew/gradle-4.1/lib/native-platform-freebsd-i386-libstdcpp-0.14.jar
7f8df4018000-7f8df4019000 r--s 00002000 08:02 2102299                    /home/eric/.gradle/wrapper/dists/gradle-4.1-all/bzyivzo6n839fup2jbap0tjew/gradle-4.1/lib/native-platform-linux-amd64-0.14.jar
7f8df4019000-7f8df401a000 r--s 00002000 08:02 2102300                    /home/eric/.gradle/wrapper/dists/gradle-4.1-all/bzyivzo6n839fup2jbap0tjew/gradle-4.1/lib/native-platform-linux-i386-0.14.jar
7f8df401a000-7f8df401c000 r--s 00002000 08:02 2102301                    /home/eric/.gradle/wrapper/dists/gradle-4.1-all/bzyivzo6n839fup2jbap0tjew/gradle-4.1/lib/native-platform-osx-amd64-0.14.jar
7f8df401c000-7f8df401d000 r--s 00003000 08:02 2102302                    /home/eric/.gradle/wrapper/dists/gradle-4.1-all/bzyivzo6n839fup2jbap0tjew/gradle-4.1/lib/native-platform-osx-i386-0.14.jar
7f8df401d000-7f8df401f000 r--s 0000b000 08:02 2102303                    /home/eric/.gradle/wrapper/dists/gradle-4.1-all/bzyivzo6n839fup2jbap0tjew/gradle-4.1/lib/native-platform-windows-amd64-0.14.jar
7f8df401f000-7f8df4020000 r--s 0000b000 08:02 2102304                    /home/eric/.gradle/wrapper/dists/gradle-4.1-all/bzyivzo6n839fup2jbap0tjew/gradle-4.1/lib/native-platform-windows-i386-0.14.jar
7f8df4020000-7f8df4021000 r--s 00001000 08:02 2102305                    /home/eric/.gradle/wrapper/dists/gradle-4.1-all/bzyivzo6n839fup2jbap0tjew/gradle-4.1/lib/native-platform-linux-amd64-ncurses5-0.14.jar
7f8df4021000-7f8df4025000 r--s 00012000 08:02 2102291                    /home/eric/.gradle/wrapper/dists/gradle-4.1-all/bzyivzo6n839fup2jbap0tjew/gradle-4.1/lib/native-platform-0.14.jar
7f8df4025000-7f8df45ba000 rw-p 00000000 00:00 0 
7f8df45ba000-7f8df478a000 r--s 03c46000 08:02 4066165                    /opt/android-studio/jre/jre/lib/rt.jar
7f8df478a000-7f8df8000000 rw-p 00000000 00:00 0 
7f8df8000000-7f8df8021000 rw-p 00000000 00:00 0 
7f8df8021000-7f8dfc000000 ---p 00000000 00:00 0 
7f8dfc000000-7f8dfc001000 r--s 00001000 08:02 2102306                    /home/eric/.gradle/wrapper/dists/gradle-4.1-all/bzyivzo6n839fup2jbap0tjew/gradle-4.1/lib/native-platform-linux-amd64-ncurses6-0.14.jar
7f8dfc001000-7f8dfc002000 r--s 00001000 08:02 2102307                    /home/eric/.gradle/wrapper/dists/gradle-4.1-all/bzyivzo6n839fup2jbap0tjew/gradle-4.1/lib/native-platform-linux-i386-ncurses5-0.14.jar
7f8dfc002000-7f8dfc003000 r--s 00001000 08:02 2102308                    /home/eric/.gradle/wrapper/dists/gradle-4.1-all/bzyivzo6n839fup2jbap0tjew/gradle-4.1/lib/native-platform-linux-i386-ncurses6-0.14.jar
7f8dfc003000-7f8dfc006000 r--s 0000c000 08:02 2102268                    /home/eric/.gradle/wrapper/dists/gradle-4.1-all/bzyivzo6n839fup2jbap0tjew/gradle-4.1/lib/gradle-native-4.1.jar
7f8dfc006000-7f8dfc008000 r--s 0000f000 08:02 2102276                    /home/eric/.gradle/wrapper/dists/gradle-4.1-all/bzyivzo6n839fup2jbap0tjew/gradle-4.1/lib/reflectasm-1.07-shaded.jar
7f8dfc008000-7f8dfc00a000 r--s 00000000 08:02 2102309                    /home/eric/.gradle/wrapper/dists/gradle-4.1-all/bzyivzo6n839fup2jbap0tjew/gradle-4.1/lib/minlog-1.2.jar
7f8dfc00a000-7f8dfc00c000 r--s 00007000 08:02 2102310                    /home/eric/.gradle/wrapper/dists/gradle-4.1-all/bzyivzo6n839fup2jbap0tjew/gradle-4.1/lib/objenesis-1.2.jar
7f8dfc00c000-7f8dfc010000 r--s 00026000 08:02 2102275                    /home/eric/.gradle/wrapper/dists/gradle-4.1-all/bzyivzo6n839fup2jbap0tjew/gradle-4.1/lib/kryo-2.20.jar
7f8dfc010000-7f8dfc016000 r--s 0002b000 08:02 2102272                    /home/eric/.gradle/wrapper/dists/gradle-4.1-all/bzyivzo6n839fup2jbap0tjew/gradle-4.1/lib/gradle-messaging-4.1.jar
7f8dfc016000-7f8dfc018000 r--s 00006000 08:02 2102266                    /home/eric/.gradle/wrapper/dists/gradle-4.1-all/bzyivzo6n839fup2jbap0tjew/gradle-4.1/lib/gradle-process-services-4.1.jar
7f8dfc018000-7f8dfc01a000 r--s 00000000 08:02 2102264                    /home/eric/.gradle/wrapper/dists/gradle-4.1-all/bzyivzo6n839fup2jbap0tjew/gradle-4.1/lib/gradle-jvm-services-4.1.jar
7f8dfc01a000-7f8dfc33b000 rw-p 00000000 00:00 0 
7f8dfc33b000-7f8dfc33c000 ---p 00000000 00:00 0 
7f8dfc33c000-7f8dfc43c000 rw-p 00000000 00:00 0 
7f8dfc43c000-7f8dfc43d000 ---p 00000000 00:00 0 
7f8dfc43d000-7f8dfc53d000 rw-p 00000000 00:00 0 
7f8dfc53d000-7f8dfc53e000 ---p 00000000 00:00 0 
7f8dfc53e000-7f8dfc63e000 rw-p 00000000 00:00 0 
7f8dfc63e000-7f8dfc63f000 ---p 00000000 00:00 0 
7f8dfc63f000-7f8dfc753000 rw-p 00000000 00:00 0 
7f8dfc753000-7f8dfc93f000 ---p 00000000 00:00 0 
7f8dfc93f000-7f8dfc953000 rw-p 00000000 00:00 0 
7f8dfc953000-7f8dfcb3f000 ---p 00000000 00:00 0 
7f8dfcb3f000-7f8dfcb51000 rw-p 00000000 00:00 0 
7f8dfcb51000-7f8dfcc3f000 ---p 00000000 00:00 0 
7f8dfcc3f000-7f8dfcc50000 rw-p 00000000 00:00 0 
7f8dfcc50000-7f8dfd000000 ---p 00000000 00:00 0 
7f8dfd000000-7f8dfd3d0000 rwxp 00000000 00:00 0 
7f8dfd3d0000-7f8e0c000000 ---p 00000000 00:00 0 
7f8e0c000000-7f8e0cce4000 rw-p 00000000 00:00 0 
7f8e0cce4000-7f8e10000000 ---p 00000000 00:00 0 
7f8e10000000-7f8e1001f000 r--s 001d1000 08:02 2102288                    /home/eric/.gradle/wrapper/dists/gradle-4.1-all/bzyivzo6n839fup2jbap0tjew/gradle-4.1/lib/ant-1.9.6.jar
7f8e1001f000-7f8e10040000 rw-p 00000000 00:00 0 
7f8e10040000-7f8e1005a000 r-xp 00000000 08:02 4066186                    /opt/android-studio/jre/jre/lib/amd64/libzip.so
7f8e1005a000-7f8e1025a000 ---p 0001a000 08:02 4066186                    /opt/android-studio/jre/jre/lib/amd64/libzip.so
7f8e1025a000-7f8e1025b000 r--p 0001a000 08:02 4066186                    /opt/android-studio/jre/jre/lib/amd64/libzip.so
7f8e1025b000-7f8e1025c000 rw-p 0001b000 08:02 4066186                    /opt/android-studio/jre/jre/lib/amd64/libzip.so
7f8e1025c000-7f8e10267000 r-xp 00000000 08:02 5767262                    /lib/x86_64-linux-gnu/libnss_files-2.26.so
7f8e10267000-7f8e10466000 ---p 0000b000 08:02 5767262                    /lib/x86_64-linux-gnu/libnss_files-2.26.so
7f8e10466000-7f8e10467000 r--p 0000a000 08:02 5767262                    /lib/x86_64-linux-gnu/libnss_files-2.26.so
7f8e10467000-7f8e10468000 rw-p 0000b000 08:02 5767262                    /lib/x86_64-linux-gnu/libnss_files-2.26.so
7f8e10468000-7f8e1046e000 rw-p 00000000 00:00 0 
7f8e1046e000-7f8e10479000 r-xp 00000000 08:02 5767264                    /lib/x86_64-linux-gnu/libnss_nis-2.26.so
7f8e10479000-7f8e10678000 ---p 0000b000 08:02 5767264                    /lib/x86_64-linux-gnu/libnss_nis-2.26.so
7f8e10678000-7f8e10679000 r--p 0000a000 08:02 5767264                    /lib/x86_64-linux-gnu/libnss_nis-2.26.so
7f8e10679000-7f8e1067a000 rw-p 0000b000 08:02 5767264                    /lib/x86_64-linux-gnu/libnss_nis-2.26.so
7f8e1067a000-7f8e10691000 r-xp 00000000 08:02 5767259                    /lib/x86_64-linux-gnu/libnsl-2.26.so
7f8e10691000-7f8e10890000 ---p 00017000 08:02 5767259                    /lib/x86_64-linux-gnu/libnsl-2.26.so
7f8e10890000-7f8e10891000 r--p 00016000 08:02 5767259                    /lib/x86_64-linux-gnu/libnsl-2.26.so
7f8e10891000-7f8e10892000 rw-p 00017000 08:02 5767259                    /lib/x86_64-linux-gnu/libnsl-2.26.so
7f8e10892000-7f8e10894000 rw-p 00000000 00:00 0 
7f8e10894000-7f8e1089c000 r-xp 00000000 08:02 5767260                    /lib/x86_64-linux-gnu/libnss_compat-2.26.so
7f8e1089c000-7f8e10a9b000 ---p 00008000 08:02 5767260                    /lib/x86_64-linux-gnu/libnss_compat-2.26.so
7f8e10a9b000-7f8e10a9c000 r--p 00007000 08:02 5767260                    /lib/x86_64-linux-gnu/libnss_compat-2.26.so
7f8e10a9c000-7f8e10a9d000 rw-p 00008000 08:02 5767260                    /lib/x86_64-linux-gnu/libnss_compat-2.26.so
7f8e10a9d000-7f8e10aca000 r-xp 00000000 08:02 4066185                    /opt/android-studio/jre/jre/lib/amd64/libjava.so
7f8e10aca000-7f8e10cc9000 ---p 0002d000 08:02 4066185                    /opt/android-studio/jre/jre/lib/amd64/libjava.so
7f8e10cc9000-7f8e10cca000 r--p 0002c000 08:02 4066185                    /opt/android-studio/jre/jre/lib/amd64/libjava.so
7f8e10cca000-7f8e10ccc000 rw-p 0002d000 08:02 4066185                    /opt/android-studio/jre/jre/lib/amd64/libjava.so
7f8e10ccc000-7f8e10cdc000 r-xp 00000000 08:02 4066191                    /opt/android-studio/jre/jre/lib/amd64/libverify.so
7f8e10cdc000-7f8e10edb000 ---p 00010000 08:02 4066191                    /opt/android-studio/jre/jre/lib/amd64/libverify.so
7f8e10edb000-7f8e10edd000 r--p 0000f000 08:02 4066191                    /opt/android-studio/jre/jre/lib/amd64/libverify.so
7f8e10edd000-7f8e10ede000 rw-p 00011000 08:02 4066191                    /opt/android-studio/jre/jre/lib/amd64/libverify.so
7f8e10ede000-7f8e10ee5000 r-xp 00000000 08:02 5771731                    /lib/x86_64-linux-gnu/librt-2.26.so
7f8e10ee5000-7f8e110e4000 ---p 00007000 08:02 5771731                    /lib/x86_64-linux-gnu/librt-2.26.so
7f8e110e4000-7f8e110e5000 r--p 00006000 08:02 5771731                    /lib/x86_64-linux-gnu/librt-2.26.so
7f8e110e5000-7f8e110e6000 rw-p 00007000 08:02 5771731                    /lib/x86_64-linux-gnu/librt-2.26.so
7f8e110e6000-7f8e1123b000 r-xp 00000000 08:02 5767256                    /lib/x86_64-linux-gnu/libm-2.26.so
7f8e1123b000-7f8e1143a000 ---p 00155000 08:02 5767256                    /lib/x86_64-linux-gnu/libm-2.26.so
7f8e1143a000-7f8e1143b000 r--p 00154000 08:02 5767256                    /lib/x86_64-linux-gnu/libm-2.26.so
7f8e1143b000-7f8e1143c000 rw-p 00155000 08:02 5767256                    /lib/x86_64-linux-gnu/libm-2.26.so
7f8e1143c000-7f8e12034000 r-xp 00000000 08:02 4066195                    /opt/android-studio/jre/jre/lib/amd64/server/libjvm.so
7f8e12034000-7f8e12234000 ---p 00bf8000 08:02 4066195                    /opt/android-studio/jre/jre/lib/amd64/server/libjvm.so
7f8e12234000-7f8e122d3000 r--p 00bf8000 08:02 4066195                    /opt/android-studio/jre/jre/lib/amd64/server/libjvm.so
7f8e122d3000-7f8e122fc000 rw-p 00c97000 08:02 4066195                    /opt/android-studio/jre/jre/lib/amd64/server/libjvm.so
7f8e122fc000-7f8e12340000 rw-p 00000000 00:00 0 
7f8e12340000-7f8e1235a000 r-xp 00000000 08:02 5771664                    /lib/x86_64-linux-gnu/libpthread-2.26.so
7f8e1235a000-7f8e12559000 ---p 0001a000 08:02 5771664                    /lib/x86_64-linux-gnu/libpthread-2.26.so
7f8e12559000-7f8e1255a000 r--p 00019000 08:02 5771664                    /lib/x86_64-linux-gnu/libpthread-2.26.so
7f8e1255a000-7f8e1255b000 rw-p 0001a000 08:02 5771664                    /lib/x86_64-linux-gnu/libpthread-2.26.so
7f8e1255b000-7f8e1255f000 rw-p 00000000 00:00 0 
7f8e1255f000-7f8e12562000 r-xp 00000000 08:02 5767255                    /lib/x86_64-linux-gnu/libdl-2.26.so
7f8e12562000-7f8e12761000 ---p 00003000 08:02 5767255                    /lib/x86_64-linux-gnu/libdl-2.26.so
7f8e12761000-7f8e12762000 r--p 00002000 08:02 5767255                    /lib/x86_64-linux-gnu/libdl-2.26.so
7f8e12762000-7f8e12763000 rw-p 00003000 08:02 5767255                    /lib/x86_64-linux-gnu/libdl-2.26.so
7f8e12763000-7f8e12939000 r-xp 00000000 08:02 5767252                    /lib/x86_64-linux-gnu/libc-2.26.so
7f8e12939000-7f8e12b39000 ---p 001d6000 08:02 5767252                    /lib/x86_64-linux-gnu/libc-2.26.so
7f8e12b39000-7f8e12b3d000 r--p 001d6000 08:02 5767252                    /lib/x86_64-linux-gnu/libc-2.26.so
7f8e12b3d000-7f8e12b3f000 rw-p 001da000 08:02 5767252                    /lib/x86_64-linux-gnu/libc-2.26.so
7f8e12b3f000-7f8e12b43000 rw-p 00000000 00:00 0 
7f8e12b43000-7f8e12b59000 r-xp 00000000 08:02 4066134                    /opt/android-studio/jre/lib/amd64/jli/libjli.so
7f8e12b59000-7f8e12d58000 ---p 00016000 08:02 4066134                    /opt/android-studio/jre/lib/amd64/jli/libjli.so
7f8e12d58000-7f8e12d59000 r--p 00015000 08:02 4066134                    /opt/android-studio/jre/lib/amd64/jli/libjli.so
7f8e12d59000-7f8e12d5a000 rw-p 00016000 08:02 4066134                    /opt/android-studio/jre/lib/amd64/jli/libjli.so
7f8e12d5a000-7f8e12d81000 r-xp 00000000 08:02 5767184                    /lib/x86_64-linux-gnu/ld-2.26.so
7f8e12d81000-7f8e12d82000 r--s 00000000 08:02 2102286                    /home/eric/.gradle/wrapper/dists/gradle-4.1-all/bzyivzo6n839fup2jbap0tjew/gradle-4.1/lib/jcip-annotations-1.0.jar
7f8e12d82000-7f8e12d87000 r--s 00041000 08:02 2102285                    /home/eric/.gradle/wrapper/dists/gradle-4.1-all/bzyivzo6n839fup2jbap0tjew/gradle-4.1/lib/commons-lang-2.6.jar
7f8e12d87000-7f8e12d8a000 r--s 00006000 08:02 2102284                    /home/eric/.gradle/wrapper/dists/gradle-4.1-all/bzyivzo6n839fup2jbap0tjew/gradle-4.1/lib/jsr305-1.3.9.jar
7f8e12d8a000-7f8e12d92000 r--s 000bd000 08:02 2102277                    /home/eric/.gradle/wrapper/dists/gradle-4.1-all/bzyivzo6n839fup2jbap0tjew/gradle-4.1/lib/asm-debug-all-6.0_ALPHA.jar
7f8e12d92000-7f8e12d9e000 r--s 00053000 08:02 2102273                    /home/eric/.gradle/wrapper/dists/gradle-4.1-all/bzyivzo6n839fup2jbap0tjew/gradle-4.1/lib/gradle-base-services-4.1.jar
7f8e12d9e000-7f8e12e60000 rw-p 00000000 00:00 0 
7f8e12e60000-7f8e12e63000 ---p 00000000 00:00 0 
7f8e12e63000-7f8e12f63000 rw-p 00000000 00:00 0 
7f8e12f63000-7f8e12f64000 r--s 00007000 08:02 2102282                    /home/eric/.gradle/wrapper/dists/gradle-4.1-all/bzyivzo6n839fup2jbap0tjew/gradle-4.1/lib/slf4j-api-1.7.10.jar
7f8e12f64000-7f8e12f68000 r--s 00027000 08:02 2102278                    /home/eric/.gradle/wrapper/dists/gradle-4.1-all/bzyivzo6n839fup2jbap0tjew/gradle-4.1/lib/commons-io-2.2.jar
7f8e12f68000-7f8e12f69000 r--s 00004000 08:02 2102294                    /home/eric/.gradle/wrapper/dists/gradle-4.1-all/bzyivzo6n839fup2jbap0tjew/gradle-4.1/lib/ant-launcher-1.9.6.jar
7f8e12f69000-7f8e12f75000 r--s 0005c000 08:02 2102258                    /home/eric/.gradle/wrapper/dists/gradle-4.1-all/bzyivzo6n839fup2jbap0tjew/gradle-4.1/lib/gradle-launcher-4.1.jar
7f8e12f75000-7f8e12f7d000 rw-s 00000000 08:02 6434910                    /tmp/hsperfdata_eric/13242
7f8e12f7d000-7f8e12f7e000 rw-p 00000000 00:00 0 
7f8e12f7e000-7f8e12f7f000 ---p 00000000 00:00 0 
7f8e12f7f000-7f8e12f81000 rw-p 00000000 00:00 0 
7f8e12f81000-7f8e12f82000 r--p 00027000 08:02 5767184                    /lib/x86_64-linux-gnu/ld-2.26.so
7f8e12f82000-7f8e12f83000 rw-p 00028000 08:02 5767184                    /lib/x86_64-linux-gnu/ld-2.26.so
7f8e12f83000-7f8e12f84000 rw-p 00000000 00:00 0 
7fff4b025000-7fff4b046000 rw-p 00000000 00:00 0                          [stack]
7fff4b0f4000-7fff4b0f7000 r--p 00000000 00:00 0                          [vvar]
7fff4b0f7000-7fff4b0f9000 r-xp 00000000 00:00 0                          [vdso]
ffffffffff600000-ffffffffff601000 r-xp 00000000 00:00 0                  [vsyscall]

VM Arguments:
jvm_args: -Xmx1536m -Dfile.encoding=UTF-8 -Duser.country=US -Duser.language=en -Duser.variant 
java_command: org.gradle.launcher.daemon.bootstrap.GradleDaemon 4.1
java_class_path (initial): /home/eric/.gradle/wrapper/dists/gradle-4.1-all/bzyivzo6n839fup2jbap0tjew/gradle-4.1/lib/gradle-launcher-4.1.jar
Launcher Type: SUN_STANDARD

Environment Variables:
PATH=/usr/local/sbin:/usr/local/bin:/usr/sbin:/usr/bin:/sbin:/bin:/usr/games:/usr/local/games:/snap/bin:/opt/gradle/gradle-4.6/bin
USERNAME=eric
LD_LIBRARY_PATH=/opt/android-studio/bin:
SHELL=/bin/bash
DISPLAY=:0

Signal Handlers:
SIGSEGV: [libjvm.so+0x9ebc60], sa_mask[0]=11111111011111111101111111111110, sa_flags=SA_RESTART|SA_SIGINFO
SIGBUS: [libjvm.so+0x9ebc60], sa_mask[0]=11111111011111111101111111111110, sa_flags=SA_RESTART|SA_SIGINFO
SIGFPE: [libjvm.so+0x84cf60], sa_mask[0]=11111111011111111101111111111110, sa_flags=SA_RESTART|SA_SIGINFO
SIGPIPE: [libjvm.so+0x84cf60], sa_mask[0]=11111111011111111101111111111110, sa_flags=SA_RESTART|SA_SIGINFO
SIGXFSZ: [libjvm.so+0x84cf60], sa_mask[0]=11111111011111111101111111111110, sa_flags=SA_RESTART|SA_SIGINFO
SIGILL: [libjvm.so+0x84cf60], sa_mask[0]=11111111011111111101111111111110, sa_flags=SA_RESTART|SA_SIGINFO
SIGUSR1: SIG_DFL, sa_mask[0]=00000000000000000000000000000000, sa_flags=none
SIGUSR2: [libjvm.so+0x84ce30], sa_mask[0]=00100000000000000000000000000000, sa_flags=SA_RESTART|SA_SIGINFO
SIGHUP: [libjvm.so+0x84d020], sa_mask[0]=11111111011111111101111111111110, sa_flags=SA_RESTART|SA_SIGINFO
SIGINT: [libjvm.so+0x84d020], sa_mask[0]=11111111011111111101111111111110, sa_flags=SA_RESTART|SA_SIGINFO
SIGTERM: [libjvm.so+0x84d020], sa_mask[0]=11111111011111111101111111111110, sa_flags=SA_RESTART|SA_SIGINFO
SIGQUIT: [libjvm.so+0x84d020], sa_mask[0]=11111111011111111101111111111110, sa_flags=SA_RESTART|SA_SIGINFO


---------------  S Y S T E M  ---------------

OS:DISTRIB_ID=Ubuntu
DISTRIB_RELEASE=17.10
DISTRIB_CODENAME=artful
DISTRIB_DESCRIPTION="Ubuntu 17.10"

uname:Linux 4.13.0-43-generic #48-Ubuntu SMP Wed May 16 12:18:48 UTC 2018 x86_64
libc:glibc 2.26 NPTL 2.26 
rlimit: STACK 8192k, CORE 0k, NPROC 14460, NOFILE 1048576, AS infinity
load average:17,06 12,32 5,90

/proc/meminfo:
MemTotal:        3817212 kB
MemFree:          106320 kB
MemAvailable:       8372 kB
Buffers:             552 kB
Cached:           115708 kB
SwapCached:          472 kB
Active:          2875320 kB
Inactive:         583508 kB
Active(anon):    2873088 kB
Inactive(anon):   574688 kB
Active(file):       2232 kB
Inactive(file):     8820 kB
Unevictable:         412 kB
Mlocked:             412 kB
SwapTotal:       2097148 kB
SwapFree:              0 kB
Dirty:                88 kB
Writeback:             4 kB
AnonPages:       3342800 kB
Mapped:            16448 kB
Shmem:            104948 kB
Slab:              95296 kB
SReclaimable:      39360 kB
SUnreclaim:        55936 kB
KernelStack:       14560 kB
PageTables:        76292 kB
NFS_Unstable:          0 kB
Bounce:                0 kB
WritebackTmp:          0 kB
CommitLimit:     4005752 kB
Committed_AS:   12581044 kB
VmallocTotal:   34359738367 kB
VmallocUsed:           0 kB
VmallocChunk:          0 kB
HardwareCorrupted:     0 kB
AnonHugePages:         0 kB
ShmemHugePages:        0 kB
ShmemPmdMapped:        0 kB
CmaTotal:              0 kB
CmaFree:               0 kB
HugePages_Total:       0
HugePages_Free:        0
HugePages_Rsvd:        0
HugePages_Surp:        0
Hugepagesize:       2048 kB
DirectMap4k:      265844 kB
DirectMap2M:     3704832 kB
DirectMap1G:           0 kB


CPU:total 4 (initial active 4) (2 cores per cpu, 2 threads per core) family 6 model 142 stepping 9, cmov, cx8, fxsr, mmx, sse, sse2, sse3, ssse3, sse4.1, sse4.2, popcnt, avx, avx2, aes, clmul, erms, 3dnowpref, lzcnt, ht, tsc, tscinvbit, bmi1, bmi2, adx

/proc/cpuinfo:
processor	: 0
vendor_id	: GenuineIntel
cpu family	: 6
model		: 142
model name	: Intel(R) Core(TM) i7-7500U CPU @ 2.70GHz
stepping	: 9
microcode	: 0x84
cpu MHz		: 1394.194
cache size	: 4096 KB
physical id	: 0
siblings	: 4
core id		: 0
cpu cores	: 2
apicid		: 0
initial apicid	: 0
fpu		: yes
fpu_exception	: yes
cpuid level	: 22
wp		: yes
flags		: fpu vme de pse tsc msr pae mce cx8 apic sep mtrr pge mca cmov pat pse36 clflush dts acpi mmx fxsr sse sse2 ss ht tm pbe syscall nx pdpe1gb rdtscp lm constant_tsc art arch_perfmon pebs bts rep_good nopl xtopology nonstop_tsc cpuid aperfmperf tsc_known_freq pni pclmulqdq dtes64 monitor ds_cpl vmx est tm2 ssse3 sdbg fma cx16 xtpr pdcm pcid sse4_1 sse4_2 x2apic movbe popcnt tsc_deadline_timer aes xsave avx f16c rdrand lahf_lm abm 3dnowprefetch cpuid_fault invpcid_single pti retpoline intel_pt rsb_ctxsw spec_ctrl tpr_shadow vnmi flexpriority ept vpid fsgsbase tsc_adjust bmi1 avx2 smep bmi2 erms invpcid mpx rdseed adx smap clflushopt xsaveopt xsavec xgetbv1 xsaves dtherm ida arat pln pts hwp hwp_notify hwp_act_window hwp_epp
bugs		: cpu_meltdown spectre_v1 spectre_v2 spec_store_bypass
bogomips	: 5808.00
clflush size	: 64
cache_alignment	: 64
address sizes	: 39 bits physical, 48 bits virtual
power management:

processor	: 1
vendor_id	: GenuineIntel
cpu family	: 6
model		: 142
model name	: Intel(R) Core(TM) i7-7500U CPU @ 2.70GHz
stepping	: 9
microcode	: 0x84
cpu MHz		: 1476.223
cache size	: 4096 KB
physical id	: 0
siblings	: 4
core id		: 1
cpu cores	: 2
apicid		: 2
initial apicid	: 2
fpu		: yes
fpu_exception	: yes
cpuid level	: 22
wp		: yes
flags		: fpu vme de pse tsc msr pae mce cx8 apic sep mtrr pge mca cmov pat pse36 clflush dts acpi mmx fxsr sse sse2 ss ht tm pbe syscall nx pdpe1gb rdtscp lm constant_tsc art arch_perfmon pebs bts rep_good nopl xtopology nonstop_tsc cpuid aperfmperf tsc_known_freq pni pclmulqdq dtes64 monitor ds_cpl vmx est tm2 ssse3 sdbg fma cx16 xtpr pdcm pcid sse4_1 sse4_2 x2apic movbe popcnt tsc_deadline_timer aes xsave avx f16c rdrand lahf_lm abm 3dnowprefetch cpuid_fault invpcid_single pti retpoline intel_pt rsb_ctxsw spec_ctrl tpr_shadow vnmi flexpriority ept vpid fsgsbase tsc_adjust bmi1 avx2 smep bmi2 erms invpcid mpx rdseed adx smap clflushopt xsaveopt xsavec xgetbv1 xsaves dtherm ida arat pln pts hwp hwp_notify hwp_act_window hwp_epp
bugs		: cpu_meltdown spectre_v1 spectre_v2 spec_store_bypass
bogomips	: 5808.00
clflush size	: 64
cache_alignment	: 64
address sizes	: 39 bits physical, 48 bits virtual
power management:

processor	: 2
vendor_id	: GenuineIntel
cpu family	: 6
model		: 142
model name	: Intel(R) Core(TM) i7-7500U CPU @ 2.70GHz
stepping	: 9
microcode	: 0x84
cpu MHz		: 1495.191
cache size	: 4096 KB
physical id	: 0
siblings	: 4
core id		: 0
cpu cores	: 2
apicid		: 1
initial apicid	: 1
fpu		: yes
fpu_exception	: yes
cpuid level	: 22
wp		: yes
flags		: fpu vme de pse tsc msr pae mce cx8 apic sep mtrr pge mca cmov pat pse36 clflush dts acpi mmx fxsr sse sse2 ss ht tm pbe syscall nx pdpe1gb rdtscp lm constant_tsc art arch_perfmon pebs bts rep_good nopl xtopology nonstop_tsc cpuid aperfmperf tsc_known_freq pni pclmulqdq dtes64 monitor ds_cpl vmx est tm2 ssse3 sdbg fma cx16 xtpr pdcm pcid sse4_1 sse4_2 x2apic movbe popcnt tsc_deadline_timer aes xsave avx f16c rdrand lahf_lm abm 3dnowprefetch cpuid_fault invpcid_single pti retpoline intel_pt rsb_ctxsw spec_ctrl tpr_shadow vnmi flexpriority ept vpid fsgsbase tsc_adjust bmi1 avx2 smep bmi2 erms invpcid mpx rdseed adx smap clflushopt xsaveopt xsavec xgetbv1 xsaves dtherm ida arat pln pts hwp hwp_notify hwp_act_window hwp_epp
bugs		: cpu_meltdown spectre_v1 spectre_v2 spec_store_bypass
bogomips	: 5808.00
clflush size	: 64
cache_alignment	: 64
address sizes	: 39 bits physical, 48 bits virtual
power management:

processor	: 3
vendor_id	: GenuineIntel
cpu family	: 6
model		: 142
model name	: Intel(R) Core(TM) i7-7500U CPU @ 2.70GHz
stepping	: 9
microcode	: 0x84
cpu MHz		: 1535.049
cache size	: 4096 KB
physical id	: 0
siblings	: 4
core id		: 1
cpu cores	: 2
apicid		: 3
initial apicid	: 3
fpu		: yes
fpu_exception	: yes
cpuid level	: 22
wp		: yes
flags		: fpu vme de pse tsc msr pae mce cx8 apic sep mtrr pge mca cmov pat pse36 clflush dts acpi mmx fxsr sse sse2 ss ht tm pbe syscall nx pdpe1gb rdtscp lm constant_tsc art arch_perfmon pebs bts rep_good nopl xtopology nonstop_tsc cpuid aperfmperf tsc_known_freq pni pclmulqdq dtes64 monitor ds_cpl vmx est tm2 ssse3 sdbg fma cx16 xtpr pdcm pcid sse4_1 sse4_2 x2apic movbe popcnt tsc_deadline_timer aes xsave avx f16c rdrand lahf_lm abm 3dnowprefetch cpuid_fault invpcid_single pti retpoline intel_pt rsb_ctxsw spec_ctrl tpr_shadow vnmi flexpriority ept vpid fsgsbase tsc_adjust bmi1 avx2 smep bmi2 erms invpcid mpx rdseed adx smap clflushopt xsaveopt xsavec xgetbv1 xsaves dtherm ida arat pln pts hwp hwp_notify hwp_act_window hwp_epp
bugs		: cpu_meltdown spectre_v1 spectre_v2 spec_store_bypass
bogomips	: 5808.00
clflush size	: 64
cache_alignment	: 64
address sizes	: 39 bits physical, 48 bits virtual
power management:



Memory: 4k page, physical 3817212k(110444k free), swap 2097148k(0k free)

vm_info: OpenJDK 64-Bit Server VM (25.152-b01) for linux-amd64 JRE (1.8.0_152-release-915-b01), built by "builder" with gcc 4.8.4

time: Sun Jun  3 17:15:21 2018
elapsed time: 5 seconds (0d 0h 0m 5s)

